INFO:root:1705378782.553609
DEBUG:root:start decode and yolo procrss
DEBUG:root:YOLO init engine_image_pre_process output_shapes [[4, 3, 80, 80, 6], [4, 3, 40, 40, 6], [4, 3, 20, 20, 6]]
DEBUG:root:YOLO RECEIVE IPC INIT
DEBUG:root:YOLO process start
INFO:root:multidecoder ipc init success
DEBUG:root:YOLO init engine_image_pre_process output_shapes [[4, 3, 80, 80, 6], [4, 3, 40, 40, 6], [4, 3, 20, 20, 6]]
DEBUG:root:YOLO RECEIVE IPC INIT
DEBUG:root:YOLO process start
DEBUG:root:YOLO init engine_image_pre_process output_shapes [[4, 3, 80, 80, 6], [4, 3, 40, 40, 6], [4, 3, 20, 20, 6]]
DEBUG:root:YOLO RECEIVE IPC INIT
DEBUG:root:YOLO process start
DEBUG:root:YOLO init engine_image_pre_process output_shapes [[4, 3, 80, 80, 6], [4, 3, 40, 40, 6], [4, 3, 20, 20, 6]]
DEBUG:root:YOLO RECEIVE IPC INIT
DEBUG:root:YOLO process start
INFO:root:Add Channel[0]: ../data/licenseplate.mp4
INFO:root:Add Channel[1]: ../data/licenseplate.mp4
INFO:root:Add Channel[2]: ../data/licenseplate.mp4
INFO:root:Add Channel[3]: ../data/licenseplate.mp4
INFO:root:Add Channel[4]: ../data/licenseplate.mp4
INFO:root:Add Channel[5]: ../data/licenseplate.mp4
INFO:root:Add Channel[6]: ../data/licenseplate.mp4
INFO:root:Add Channel[7]: ../data/licenseplate.mp4
INFO:root:Add Channel[8]: ../data/licenseplate.mp4
INFO:root:Add Channel[9]: ../data/licenseplate.mp4
INFO:root:Add Channel[10]: ../data/licenseplate.mp4
INFO:root:Add Channel[11]: ../data/licenseplate.mp4
INFO:root:Add Channel[12]: ../data/licenseplate.mp4
INFO:root:Add Channel[13]: ../data/licenseplate.mp4
INFO:root:Add Channel[14]: ../data/licenseplate.mp4
INFO:root:Add Channel[15]: ../data/licenseplate.mp4
INFO:root:decode channel and sent to ipc done, channle id is 0, frameid is 1
DEBUG:root:YOLO get bmimage from ipc
INFO:root:decode channel and sent to ipc done, channle id is 1, frameid is 2
DEBUG:root:YOLO get bmimage from ipc
INFO:root:decode channel and sent to ipc done, channle id is 2, frameid is 3
DEBUG:root:YOLO get bmimage from ipc
INFO:root:decode channel and sent to ipc done, channle id is 3, frameid is 4
DEBUG:root:YOLO get bmimage from ipc
INFO:root:decode channel and sent to ipc done, channle id is 4, frameid is 5
DEBUG:root:YOLO get bmimage from ipc
INFO:root:decode channel and sent to ipc done, channle id is 5, frameid is 6
DEBUG:root:YOLO get bmimage from ipc
INFO:root:decode channel and sent to ipc done, channle id is 6, frameid is 7
DEBUG:root:YOLO get bmimage from ipc
INFO:root:decode channel and sent to ipc done, channle id is 7, frameid is 8
DEBUG:root:YOLO get bmimage from ipc
INFO:root:decode channel and sent to ipc done, channle id is 8, frameid is 9
DEBUG:root:YOLO get bmimage from ipc
INFO:root:decode channel and sent to ipc done, channle id is 9, frameid is 10
DEBUG:root:YOLO get bmimage from ipc
INFO:root:decode channel and sent to ipc done, channle id is 10, frameid is 11
DEBUG:root:YOLO get bmimage from ipc
INFO:root:decode channel and sent to ipc done, channle id is 11, frameid is 12
DEBUG:root:YOLO get bmimage from ipc
INFO:root:decode channel and sent to ipc done, channle id is 12, frameid is 13
DEBUG:root:YOLO get bmimage from ipc
INFO:root:pushdata start, bmimg w is 1440, h is 1160 
INFO:root:pushdata start, bmimg w is 1440, h is 1160 
INFO:root:pushdata start, bmimg w is 1440, h is 1160 
INFO:root:decode channel and sent to ipc done, channle id is 13, frameid is 14
INFO:root:pushdata start, bmimg w is 1440, h is 1160 
INFO:root:pushdata exit, time use: 0.00s
DEBUG:root:YOLO get bmimage from ipc
INFO:root:pushdata start, bmimg w is 1440, h is 1160 
INFO:root:decode channel and sent to ipc done, channle id is 14, frameid is 15
INFO:root:pushdata start, bmimg w is 1440, h is 1160 
INFO:root:pushdata start, bmimg w is 1440, h is 1160 
DEBUG:root:YOLO get bmimage from ipc
INFO:root:pushdata start, bmimg w is 1440, h is 1160 
INFO:root:pushdata exit, time use: 0.00s
INFO:root:pushdata start, bmimg w is 1440, h is 1160 
INFO:root:pushdata start, bmimg w is 1440, h is 1160 
INFO:root:pushdata start, bmimg w is 1440, h is 1160 
INFO:root:pushdata start, bmimg w is 1440, h is 1160 
INFO:root:pushdata exit, time use: 0.00s
INFO:root:decode channel and sent to ipc done, channle id is 15, frameid is 16
DEBUG:root:YOLO get bmimage from ipc
INFO:root:pushdata start, bmimg w is 1440, h is 1160 
INFO:root:pushdata start, bmimg w is 1440, h is 1160 
INFO:root:pushdata start, bmimg w is 1440, h is 1160 
INFO:root:pushdata start, bmimg w is 1440, h is 1160 
INFO:root:pushdata exit, time use: 0.00s
INFO:root:decode channel and sent to ipc done, channle id is 0, frameid is 17
INFO:root:decode channel and sent to ipc done, channle id is 1, frameid is 18
INFO:root:decode channel and sent to ipc done, channle id is 2, frameid is 19
INFO:root:decode channel and sent to ipc done, channle id is 3, frameid is 20
INFO:root:decode channel and sent to ipc done, channle id is 4, frameid is 21
INFO:root:decode channel and sent to ipc done, channle id is 5, frameid is 22
INFO:root:decode channel and sent to ipc done, channle id is 6, frameid is 23
INFO:root:decode channel and sent to ipc done, channle id is 7, frameid is 24
INFO:root:decode channel and sent to ipc done, channle id is 8, frameid is 25
INFO:root:decode channel and sent to ipc done, channle id is 9, frameid is 26
INFO:root:decode channel and sent to ipc done, channle id is 10, frameid is 27
INFO:root:decode channel and sent to ipc done, channle id is 11, frameid is 28
INFO:root:decode channel and sent to ipc done, channle id is 12, frameid is 29
INFO:root:decode channel and sent to ipc done, channle id is 13, frameid is 30
INFO:root:decode channel and sent to ipc done, channle id is 14, frameid is 31
INFO:root:decode channel and sent to ipc done, channle id is 15, frameid is 32
INFO:root:decode channel and sent to ipc done, channle id is 0, frameid is 33
INFO:root:decode channel and sent to ipc done, channle id is 1, frameid is 34
INFO:root:decode channel and sent to ipc done, channle id is 2, frameid is 35
INFO:root:decode channel and sent to ipc done, channle id is 3, frameid is 36
INFO:root:decode channel and sent to ipc done, channle id is 4, frameid is 37
INFO:root:decode channel and sent to ipc done, channle id is 5, frameid is 38
INFO:root:decode channel and sent to ipc done, channle id is 6, frameid is 39
INFO:root:decode channel and sent to ipc done, channle id is 7, frameid is 40
INFO:root:decode channel and sent to ipc done, channle id is 8, frameid is 41
INFO:root:decode channel and sent to ipc done, channle id is 9, frameid is 42
INFO:root:YOLO pre and infer DONE!
INFO:root:decode channel and sent to ipc done, channle id is 10, frameid is 43
INFO:root:push data to YOLO postprocess SUCCESS, ret: 0
INFO:root:decode channel and sent to ipc done, channle id is 11, frameid is 44
DEBUG:root:channel_idx is 0 image_idx is 0,len(objs) is2
DEBUG:root:[0, 0, 160, 112]
INFO:root:YOLO postprocess DONE! objs:tuple[left, top, right, bottom, class_id, score] :(0, 0, 146, 111, 0, 0.7659760117530823)
DEBUG:root:channel_idx is 0 image_idx is 0,len(objs) is2
DEBUG:root:[992, 454, 240, 88]
INFO:root:YOLO postprocess DONE! objs:tuple[left, top, right, bottom, class_id, score] :(983, 453, 1210, 541, 0, 0.665496289730072)
INFO:root:decode channel and sent to ipc done, channle id is 12, frameid is 45
INFO:root:decode channel and sent to ipc done, channle id is 13, frameid is 46
INFO:root:image 0 CROP DONE! 
DEBUG:root:channel_idx is 4 image_idx is 4,len(objs) is2
DEBUG:root:[0, 0, 160, 112]
INFO:root:YOLO postprocess DONE! objs:tuple[left, top, right, bottom, class_id, score] :(0, 0, 146, 111, 0, 0.7659760117530823)
DEBUG:root:channel_idx is 4 image_idx is 4,len(objs) is2
DEBUG:root:[992, 454, 240, 88]
INFO:root:YOLO postprocess DONE! objs:tuple[left, top, right, bottom, class_id, score] :(983, 453, 1210, 541, 0, 0.665496289730072)
INFO:root:decode channel and sent to ipc done, channle id is 14, frameid is 47
INFO:root:image 4 CROP DONE! 
DEBUG:root:channel_idx is 8 image_idx is 8,len(objs) is2
DEBUG:root:[0, 0, 160, 112]
INFO:root:YOLO postprocess DONE! objs:tuple[left, top, right, bottom, class_id, score] :(0, 0, 146, 111, 0, 0.7659760117530823)
DEBUG:root:channel_idx is 8 image_idx is 8,len(objs) is2
DEBUG:root:[992, 454, 240, 88]
INFO:root:YOLO postprocess DONE! objs:tuple[left, top, right, bottom, class_id, score] :(983, 453, 1210, 541, 0, 0.665496289730072)
INFO:root:image 8 CROP DONE! 
DEBUG:root:channel_idx is 12 image_idx is 12,len(objs) is2
DEBUG:root:[0, 0, 160, 112]
INFO:root:YOLO postprocess DONE! objs:tuple[left, top, right, bottom, class_id, score] :(0, 0, 146, 111, 0, 0.7659760117530823)
DEBUG:root:channel_idx is 12 image_idx is 12,len(objs) is2
DEBUG:root:[992, 454, 240, 88]
INFO:root:YOLO postprocess DONE! objs:tuple[left, top, right, bottom, class_id, score] :(983, 453, 1210, 541, 0, 0.665496289730072)
INFO:root:image 12 CROP DONE! 
INFO:root:YOLO post and crop DONE!,len res is 8:
DEBUG:root:YOLO process start
DEBUG:root:YOLO get bmimage from ipc
DEBUG:root:YOLO get bmimage from ipc
DEBUG:root:YOLO get bmimage from ipc
DEBUG:root:YOLO get bmimage from ipc
INFO:root:pushdata start, bmimg w is 1440, h is 1160 
INFO:root:pushdata start, bmimg w is 1440, h is 1160 
INFO:root:pushdata start, bmimg w is 1440, h is 1160 
INFO:root:pushdata start, bmimg w is 1440, h is 1160 
INFO:root:pushdata exit, time use: 0.00s
INFO:root:YOLO pre and infer DONE!
INFO:root:push data to YOLO postprocess SUCCESS, ret: 0
DEBUG:root:channel_idx is 1 image_idx is 1,len(objs) is2
DEBUG:root:[0, 0, 160, 112]
INFO:root:YOLO postprocess DONE! objs:tuple[left, top, right, bottom, class_id, score] :(0, 0, 146, 111, 0, 0.7659760117530823)
DEBUG:root:channel_idx is 1 image_idx is 1,len(objs) is2
DEBUG:root:[992, 454, 240, 88]
INFO:root:YOLO postprocess DONE! objs:tuple[left, top, right, bottom, class_id, score] :(983, 453, 1210, 541, 0, 0.665496289730072)
INFO:root:image 1 CROP DONE! 
DEBUG:root:channel_idx is 5 image_idx is 5,len(objs) is2
DEBUG:root:[0, 0, 160, 112]
INFO:root:YOLO postprocess DONE! objs:tuple[left, top, right, bottom, class_id, score] :(0, 0, 146, 111, 0, 0.7659760117530823)
DEBUG:root:channel_idx is 5 image_idx is 5,len(objs) is2
DEBUG:root:[992, 454, 240, 88]
INFO:root:YOLO postprocess DONE! objs:tuple[left, top, right, bottom, class_id, score] :(983, 453, 1210, 541, 0, 0.665496289730072)
INFO:root:decode channel and sent to ipc done, channle id is 15, frameid is 48
INFO:root:YOLO pre and infer DONE!
INFO:root:decode channel and sent to ipc done, channle id is 0, frameid is 49
INFO:root:decode channel and sent to ipc done, channle id is 1, frameid is 50
INFO:root:push data to YOLO postprocess SUCCESS, ret: 0
DEBUG:root:channel_idx is 2 image_idx is 2,len(objs) is2
DEBUG:root:[0, 0, 160, 112]
INFO:root:YOLO postprocess DONE! objs:tuple[left, top, right, bottom, class_id, score] :(0, 0, 146, 111, 0, 0.7659760117530823)
DEBUG:root:channel_idx is 2 image_idx is 2,len(objs) is2
DEBUG:root:[992, 454, 240, 88]
INFO:root:YOLO postprocess DONE! objs:tuple[left, top, right, bottom, class_id, score] :(983, 453, 1210, 541, 0, 0.665496289730072)
INFO:root:decode channel and sent to ipc done, channle id is 2, frameid is 51
INFO:root:image 5 CROP DONE! 
DEBUG:root:channel_idx is 9 image_idx is 9,len(objs) is2
DEBUG:root:[0, 0, 160, 112]
INFO:root:YOLO postprocess DONE! objs:tuple[left, top, right, bottom, class_id, score] :(0, 0, 146, 111, 0, 0.7659760117530823)
DEBUG:root:channel_idx is 9 image_idx is 9,len(objs) is2
DEBUG:root:[992, 454, 240, 88]
INFO:root:YOLO postprocess DONE! objs:tuple[left, top, right, bottom, class_id, score] :(983, 453, 1210, 541, 0, 0.665496289730072)
INFO:root:decode channel and sent to ipc done, channle id is 3, frameid is 52
INFO:root:image 2 CROP DONE! 
INFO:root:image 9 CROP DONE! 
DEBUG:root:channel_idx is 6 image_idx is 6,len(objs) is2
DEBUG:root:[0, 0, 160, 112]
DEBUG:root:channel_idx is 13 image_idx is 13,len(objs) is2
INFO:root:YOLO postprocess DONE! objs:tuple[left, top, right, bottom, class_id, score] :(0, 0, 146, 111, 0, 0.7659760117530823)
DEBUG:root:[0, 0, 160, 112]
DEBUG:root:channel_idx is 6 image_idx is 6,len(objs) is2
INFO:root:YOLO postprocess DONE! objs:tuple[left, top, right, bottom, class_id, score] :(0, 0, 146, 111, 0, 0.7659760117530823)
DEBUG:root:[992, 454, 240, 88]
DEBUG:root:channel_idx is 13 image_idx is 13,len(objs) is2
INFO:root:YOLO postprocess DONE! objs:tuple[left, top, right, bottom, class_id, score] :(983, 453, 1210, 541, 0, 0.665496289730072)
DEBUG:root:[992, 454, 240, 88]
INFO:root:YOLO postprocess DONE! objs:tuple[left, top, right, bottom, class_id, score] :(983, 453, 1210, 541, 0, 0.665496289730072)
INFO:root:decode channel and sent to ipc done, channle id is 4, frameid is 53
INFO:root:image 6 CROP DONE! 
INFO:root:image 13 CROP DONE! 
DEBUG:root:channel_idx is 10 image_idx is 10,len(objs) is2
INFO:root:YOLO post and crop DONE!,len res is 8:
DEBUG:root:[0, 0, 160, 112]
DEBUG:root:YOLO process start
INFO:root:YOLO postprocess DONE! objs:tuple[left, top, right, bottom, class_id, score] :(0, 0, 146, 111, 0, 0.7659760117530823)
DEBUG:root:channel_idx is 10 image_idx is 10,len(objs) is2
DEBUG:root:YOLO get bmimage from ipc
DEBUG:root:[992, 454, 240, 88]
INFO:root:YOLO postprocess DONE! objs:tuple[left, top, right, bottom, class_id, score] :(983, 453, 1210, 541, 0, 0.665496289730072)
DEBUG:root:YOLO get bmimage from ipc
DEBUG:root:YOLO get bmimage from ipc
DEBUG:root:YOLO get bmimage from ipc
INFO:root:pushdata start, bmimg w is 1440, h is 1160 
INFO:root:pushdata start, bmimg w is 1440, h is 1160 
INFO:root:decode channel and sent to ipc done, channle id is 5, frameid is 54
INFO:root:pushdata start, bmimg w is 1440, h is 1160 
INFO:root:pushdata start, bmimg w is 1440, h is 1160 
INFO:root:pushdata exit, time use: 0.00s
INFO:root:image 10 CROP DONE! 
DEBUG:root:channel_idx is 14 image_idx is 14,len(objs) is2
DEBUG:root:[0, 0, 160, 112]
INFO:root:YOLO postprocess DONE! objs:tuple[left, top, right, bottom, class_id, score] :(0, 0, 146, 111, 0, 0.7659760117530823)
DEBUG:root:channel_idx is 14 image_idx is 14,len(objs) is2
DEBUG:root:[992, 454, 240, 88]
INFO:root:YOLO postprocess DONE! objs:tuple[left, top, right, bottom, class_id, score] :(983, 453, 1210, 541, 0, 0.665496289730072)
INFO:root:decode channel and sent to ipc done, channle id is 6, frameid is 55
INFO:root:image 14 CROP DONE! 
INFO:root:YOLO post and crop DONE!,len res is 8:
DEBUG:root:YOLO process start
DEBUG:root:YOLO get bmimage from ipc
DEBUG:root:YOLO get bmimage from ipc
DEBUG:root:YOLO get bmimage from ipc
DEBUG:root:YOLO get bmimage from ipc
INFO:root:pushdata start, bmimg w is 1440, h is 1160 
INFO:root:pushdata start, bmimg w is 1440, h is 1160 
INFO:root:pushdata start, bmimg w is 1440, h is 1160 
INFO:root:decode channel and sent to ipc done, channle id is 7, frameid is 56
INFO:root:pushdata start, bmimg w is 1440, h is 1160 
INFO:root:pushdata exit, time use: 0.00s
INFO:root:decode channel and sent to ipc done, channle id is 8, frameid is 57
INFO:root:YOLO pre and infer DONE!
INFO:root:decode channel and sent to ipc done, channle id is 9, frameid is 58
INFO:root:decode channel and sent to ipc done, channle id is 10, frameid is 59
INFO:root:push data to YOLO postprocess SUCCESS, ret: 0
DEBUG:root:channel_idx is 3 image_idx is 3,len(objs) is2
DEBUG:root:[0, 0, 160, 112]
INFO:root:YOLO postprocess DONE! objs:tuple[left, top, right, bottom, class_id, score] :(0, 0, 146, 111, 0, 0.7659760117530823)
DEBUG:root:channel_idx is 3 image_idx is 3,len(objs) is2
DEBUG:root:[992, 454, 240, 88]
INFO:root:YOLO postprocess DONE! objs:tuple[left, top, right, bottom, class_id, score] :(983, 453, 1210, 541, 0, 0.665496289730072)
INFO:root:decode channel and sent to ipc done, channle id is 11, frameid is 60
INFO:root:decode channel and sent to ipc done, channle id is 12, frameid is 61
INFO:root:decode channel and sent to ipc done, channle id is 13, frameid is 62
INFO:root:decode channel and sent to ipc done, channle id is 14, frameid is 63
INFO:root:YOLO pre and infer DONE!
INFO:root:image 3 CROP DONE! 
DEBUG:root:channel_idx is 7 image_idx is 7,len(objs) is2
DEBUG:root:[0, 0, 160, 112]
INFO:root:YOLO postprocess DONE! objs:tuple[left, top, right, bottom, class_id, score] :(0, 0, 146, 111, 0, 0.7659760117530823)
DEBUG:root:channel_idx is 7 image_idx is 7,len(objs) is2
DEBUG:root:[992, 454, 240, 88]
INFO:root:YOLO postprocess DONE! objs:tuple[left, top, right, bottom, class_id, score] :(983, 453, 1210, 541, 0, 0.665496289730072)
INFO:root:push data to YOLO postprocess SUCCESS, ret: 0
DEBUG:root:channel_idx is 0 image_idx is 16,len(objs) is2
DEBUG:root:[0, 0, 160, 112]
INFO:root:YOLO postprocess DONE! objs:tuple[left, top, right, bottom, class_id, score] :(0, 0, 146, 111, 0, 0.7461027503013611)
INFO:root:image 7 CROP DONE! 
DEBUG:root:channel_idx is 0 image_idx is 16,len(objs) is2
DEBUG:root:[288, 454, 240, 88]
INFO:root:YOLO postprocess DONE! objs:tuple[left, top, right, bottom, class_id, score] :(259, 453, 485, 541, 0, 0.665496289730072)
DEBUG:root:channel_idx is 11 image_idx is 11,len(objs) is2
DEBUG:root:[0, 0, 160, 112]
INFO:root:YOLO postprocess DONE! objs:tuple[left, top, right, bottom, class_id, score] :(0, 0, 146, 111, 0, 0.7659760117530823)
DEBUG:root:channel_idx is 11 image_idx is 11,len(objs) is2
DEBUG:root:[992, 454, 240, 88]
INFO:root:YOLO postprocess DONE! objs:tuple[left, top, right, bottom, class_id, score] :(983, 453, 1210, 541, 0, 0.665496289730072)
INFO:root:image 16 CROP DONE! 
INFO:root:image 11 CROP DONE! 
DEBUG:root:channel_idx is 4 image_idx is 20,len(objs) is2
DEBUG:root:[0, 0, 160, 112]
INFO:root:YOLO postprocess DONE! objs:tuple[left, top, right, bottom, class_id, score] :(0, 0, 146, 111, 0, 0.7461027503013611)
DEBUG:root:channel_idx is 4 image_idx is 20,len(objs) is2
DEBUG:root:channel_idx is 15 image_idx is 15,len(objs) is2
DEBUG:root:[288, 454, 240, 88]
DEBUG:root:[0, 0, 160, 112]
INFO:root:YOLO postprocess DONE! objs:tuple[left, top, right, bottom, class_id, score] :(259, 453, 485, 541, 0, 0.665496289730072)
INFO:root:YOLO postprocess DONE! objs:tuple[left, top, right, bottom, class_id, score] :(0, 0, 146, 111, 0, 0.7659760117530823)
DEBUG:root:channel_idx is 15 image_idx is 15,len(objs) is2
DEBUG:root:[992, 454, 240, 88]
INFO:root:YOLO postprocess DONE! objs:tuple[left, top, right, bottom, class_id, score] :(983, 453, 1210, 541, 0, 0.665496289730072)
INFO:root:image 20 CROP DONE! 
DEBUG:root:channel_idx is 8 image_idx is 24,len(objs) is2
DEBUG:root:[0, 0, 160, 112]
INFO:root:YOLO postprocess DONE! objs:tuple[left, top, right, bottom, class_id, score] :(0, 0, 146, 111, 0, 0.7461027503013611)
DEBUG:root:channel_idx is 8 image_idx is 24,len(objs) is2
INFO:root:image 15 CROP DONE! 
DEBUG:root:[288, 454, 240, 88]
INFO:root:YOLO postprocess DONE! objs:tuple[left, top, right, bottom, class_id, score] :(259, 453, 485, 541, 0, 0.665496289730072)
INFO:root:YOLO post and crop DONE!,len res is 8:
DEBUG:root:YOLO process start
DEBUG:root:YOLO get bmimage from ipc
DEBUG:root:YOLO get bmimage from ipc
INFO:root:image 24 CROP DONE! 
DEBUG:root:YOLO get bmimage from ipc
DEBUG:root:YOLO get bmimage from ipc
DEBUG:root:channel_idx is 12 image_idx is 28,len(objs) is2
INFO:root:pushdata start, bmimg w is 1440, h is 1160 
DEBUG:root:[0, 0, 160, 112]
INFO:root:YOLO postprocess DONE! objs:tuple[left, top, right, bottom, class_id, score] :(0, 0, 146, 111, 0, 0.7461027503013611)
INFO:root:pushdata start, bmimg w is 1440, h is 1160 
DEBUG:root:channel_idx is 12 image_idx is 28,len(objs) is2
DEBUG:root:[288, 454, 240, 88]
INFO:root:pushdata start, bmimg w is 1440, h is 1160 
INFO:root:YOLO postprocess DONE! objs:tuple[left, top, right, bottom, class_id, score] :(259, 453, 485, 541, 0, 0.665496289730072)
INFO:root:pushdata start, bmimg w is 1440, h is 1160 
INFO:root:pushdata exit, time use: 0.00s
INFO:root:image 28 CROP DONE! 
INFO:root:YOLO post and crop DONE!,len res is 8:
DEBUG:root:YOLO process start
DEBUG:root:YOLO get bmimage from ipc
DEBUG:root:YOLO get bmimage from ipc
DEBUG:root:YOLO get bmimage from ipc
DEBUG:root:YOLO get bmimage from ipc
INFO:root:pushdata start, bmimg w is 1440, h is 1160 
INFO:root:pushdata start, bmimg w is 1440, h is 1160 
INFO:root:pushdata start, bmimg w is 1440, h is 1160 
INFO:root:pushdata start, bmimg w is 1440, h is 1160 
INFO:root:pushdata exit, time use: 0.00s
INFO:root:decode channel and sent to ipc done, channle id is 15, frameid is 64
INFO:root:decode channel and sent to ipc done, channle id is 0, frameid is 65
INFO:root:decode channel and sent to ipc done, channle id is 1, frameid is 66
INFO:root:YOLO pre and infer DONE!
INFO:root:decode channel and sent to ipc done, channle id is 2, frameid is 67
INFO:root:decode channel and sent to ipc done, channle id is 3, frameid is 68
INFO:root:decode channel and sent to ipc done, channle id is 4, frameid is 69
INFO:root:decode channel and sent to ipc done, channle id is 5, frameid is 70
INFO:root:decode channel and sent to ipc done, channle id is 6, frameid is 71
INFO:root:push data to YOLO postprocess SUCCESS, ret: 0
DEBUG:root:channel_idx is 1 image_idx is 17,len(objs) is2
DEBUG:root:[0, 0, 160, 112]
INFO:root:YOLO postprocess DONE! objs:tuple[left, top, right, bottom, class_id, score] :(0, 0, 146, 111, 0, 0.7461027503013611)
DEBUG:root:channel_idx is 1 image_idx is 17,len(objs) is2
DEBUG:root:[288, 454, 240, 88]
INFO:root:YOLO postprocess DONE! objs:tuple[left, top, right, bottom, class_id, score] :(259, 453, 485, 541, 0, 0.665496289730072)
INFO:root:decode channel and sent to ipc done, channle id is 7, frameid is 72
INFO:root:decode channel and sent to ipc done, channle id is 8, frameid is 73
INFO:root:decode channel and sent to ipc done, channle id is 9, frameid is 74
INFO:root:decode channel and sent to ipc done, channle id is 10, frameid is 75
INFO:root:YOLO pre and infer DONE!
INFO:root:decode channel and sent to ipc done, channle id is 11, frameid is 76
INFO:root:decode channel and sent to ipc done, channle id is 12, frameid is 77
INFO:root:decode channel and sent to ipc done, channle id is 13, frameid is 78
INFO:root:push data to YOLO postprocess SUCCESS, ret: 0
INFO:root:decode channel and sent to ipc done, channle id is 14, frameid is 79
INFO:root:image 17 CROP DONE! 
DEBUG:root:channel_idx is 2 image_idx is 18,len(objs) is2
DEBUG:root:channel_idx is 5 image_idx is 21,len(objs) is2
DEBUG:root:[0, 0, 160, 112]
DEBUG:root:[0, 0, 160, 112]
INFO:root:YOLO postprocess DONE! objs:tuple[left, top, right, bottom, class_id, score] :(0, 0, 146, 111, 0, 0.7461027503013611)
INFO:root:YOLO postprocess DONE! objs:tuple[left, top, right, bottom, class_id, score] :(0, 0, 146, 111, 0, 0.7461027503013611)
DEBUG:root:channel_idx is 2 image_idx is 18,len(objs) is2
DEBUG:root:channel_idx is 5 image_idx is 21,len(objs) is2
DEBUG:root:[288, 454, 240, 88]
DEBUG:root:[288, 454, 240, 88]
INFO:root:YOLO postprocess DONE! objs:tuple[left, top, right, bottom, class_id, score] :(259, 453, 485, 541, 0, 0.665496289730072)
INFO:root:YOLO postprocess DONE! objs:tuple[left, top, right, bottom, class_id, score] :(259, 453, 485, 541, 0, 0.665496289730072)
INFO:root:image 18 CROP DONE! 
INFO:root:image 21 CROP DONE! 
DEBUG:root:channel_idx is 6 image_idx is 22,len(objs) is2
DEBUG:root:[0, 0, 160, 112]
DEBUG:root:channel_idx is 9 image_idx is 25,len(objs) is2
INFO:root:YOLO postprocess DONE! objs:tuple[left, top, right, bottom, class_id, score] :(0, 0, 146, 111, 0, 0.7461027503013611)
DEBUG:root:[0, 0, 160, 112]
DEBUG:root:channel_idx is 6 image_idx is 22,len(objs) is2
DEBUG:root:[288, 454, 240, 88]
INFO:root:YOLO postprocess DONE! objs:tuple[left, top, right, bottom, class_id, score] :(0, 0, 146, 111, 0, 0.7461027503013611)
INFO:root:YOLO postprocess DONE! objs:tuple[left, top, right, bottom, class_id, score] :(259, 453, 485, 541, 0, 0.665496289730072)
DEBUG:root:channel_idx is 9 image_idx is 25,len(objs) is2
DEBUG:root:[288, 454, 240, 88]
INFO:root:YOLO postprocess DONE! objs:tuple[left, top, right, bottom, class_id, score] :(259, 453, 485, 541, 0, 0.665496289730072)
INFO:root:image 22 CROP DONE! 
INFO:root:image 25 CROP DONE! 
DEBUG:root:channel_idx is 10 image_idx is 26,len(objs) is2
DEBUG:root:[0, 0, 160, 112]
INFO:root:YOLO postprocess DONE! objs:tuple[left, top, right, bottom, class_id, score] :(0, 0, 146, 111, 0, 0.7461027503013611)
DEBUG:root:channel_idx is 13 image_idx is 29,len(objs) is2
DEBUG:root:channel_idx is 10 image_idx is 26,len(objs) is2
DEBUG:root:[0, 0, 160, 112]
DEBUG:root:[288, 454, 240, 88]
INFO:root:YOLO postprocess DONE! objs:tuple[left, top, right, bottom, class_id, score] :(0, 0, 146, 111, 0, 0.7461027503013611)
INFO:root:YOLO postprocess DONE! objs:tuple[left, top, right, bottom, class_id, score] :(259, 453, 485, 541, 0, 0.665496289730072)
DEBUG:root:channel_idx is 13 image_idx is 29,len(objs) is2
DEBUG:root:[288, 454, 240, 88]
INFO:root:YOLO postprocess DONE! objs:tuple[left, top, right, bottom, class_id, score] :(259, 453, 485, 541, 0, 0.665496289730072)
INFO:root:image 26 CROP DONE! 
INFO:root:image 29 CROP DONE! 
DEBUG:root:channel_idx is 14 image_idx is 30,len(objs) is2
DEBUG:root:[0, 0, 160, 112]
INFO:root:YOLO postprocess DONE! objs:tuple[left, top, right, bottom, class_id, score] :(0, 0, 146, 111, 0, 0.7461027503013611)
DEBUG:root:channel_idx is 14 image_idx is 30,len(objs) is2
DEBUG:root:[288, 454, 240, 88]
INFO:root:YOLO post and crop DONE!,len res is 8:
INFO:root:YOLO postprocess DONE! objs:tuple[left, top, right, bottom, class_id, score] :(259, 453, 485, 541, 0, 0.665496289730072)
DEBUG:root:YOLO process start
DEBUG:root:YOLO get bmimage from ipc
DEBUG:root:YOLO get bmimage from ipc
INFO:root:image 30 CROP DONE! 
DEBUG:root:YOLO get bmimage from ipc
DEBUG:root:YOLO get bmimage from ipc
INFO:root:pushdata start, bmimg w is 1440, h is 1160 
INFO:root:YOLO post and crop DONE!,len res is 8:
INFO:root:pushdata start, bmimg w is 1440, h is 1160 
DEBUG:root:YOLO process start
INFO:root:pushdata start, bmimg w is 1440, h is 1160 
INFO:root:pushdata start, bmimg w is 1440, h is 1160 
DEBUG:root:YOLO get bmimage from ipc
INFO:root:pushdata exit, time use: 0.00s
DEBUG:root:YOLO get bmimage from ipc
DEBUG:root:YOLO get bmimage from ipc
DEBUG:root:YOLO get bmimage from ipc
INFO:root:pushdata start, bmimg w is 1440, h is 1160 
INFO:root:pushdata start, bmimg w is 1440, h is 1160 
INFO:root:pushdata start, bmimg w is 1440, h is 1160 
INFO:root:pushdata start, bmimg w is 1440, h is 1160 
INFO:root:pushdata exit, time use: 0.00s
INFO:root:YOLO pre and infer DONE!
INFO:root:push data to YOLO postprocess SUCCESS, ret: 0
DEBUG:root:channel_idx is 3 image_idx is 19,len(objs) is2
DEBUG:root:[0, 0, 160, 112]
INFO:root:YOLO postprocess DONE! objs:tuple[left, top, right, bottom, class_id, score] :(0, 0, 146, 111, 0, 0.7461027503013611)
DEBUG:root:channel_idx is 3 image_idx is 19,len(objs) is2
DEBUG:root:[288, 454, 240, 88]
INFO:root:YOLO postprocess DONE! objs:tuple[left, top, right, bottom, class_id, score] :(259, 453, 485, 541, 0, 0.665496289730072)
INFO:root:YOLO pre and infer DONE!
INFO:root:decode channel and sent to ipc done, channle id is 15, frameid is 80
INFO:root:push data to YOLO postprocess SUCCESS, ret: 0
INFO:root:decode channel and sent to ipc done, channle id is 0, frameid is 81
DEBUG:root:channel_idx is 0 image_idx is 32,len(objs) is2
DEBUG:root:[0, 0, 160, 112]
INFO:root:YOLO postprocess DONE! objs:tuple[left, top, right, bottom, class_id, score] :(0, 0, 146, 111, 0, 0.7251471281051636)
DEBUG:root:channel_idx is 0 image_idx is 32,len(objs) is2
DEBUG:root:[992, 454, 240, 88]
INFO:root:YOLO postprocess DONE! objs:tuple[left, top, right, bottom, class_id, score] :(983, 453, 1210, 541, 0, 0.665496289730072)
INFO:root:decode channel and sent to ipc done, channle id is 1, frameid is 82
INFO:root:image 19 CROP DONE! 
DEBUG:root:channel_idx is 7 image_idx is 23,len(objs) is2
DEBUG:root:[0, 0, 160, 112]
INFO:root:YOLO postprocess DONE! objs:tuple[left, top, right, bottom, class_id, score] :(0, 0, 146, 111, 0, 0.7461027503013611)
DEBUG:root:channel_idx is 7 image_idx is 23,len(objs) is2
DEBUG:root:[288, 454, 240, 88]
INFO:root:YOLO postprocess DONE! objs:tuple[left, top, right, bottom, class_id, score] :(259, 453, 485, 541, 0, 0.665496289730072)
INFO:root:decode channel and sent to ipc done, channle id is 2, frameid is 83
INFO:root:image 32 CROP DONE! 
INFO:root:image 23 CROP DONE! 
DEBUG:root:channel_idx is 4 image_idx is 36,len(objs) is2
DEBUG:root:[0, 0, 160, 112]
DEBUG:root:channel_idx is 11 image_idx is 27,len(objs) is2
INFO:root:YOLO postprocess DONE! objs:tuple[left, top, right, bottom, class_id, score] :(0, 0, 146, 111, 0, 0.7251471281051636)
DEBUG:root:[0, 0, 160, 112]
DEBUG:root:channel_idx is 4 image_idx is 36,len(objs) is2
INFO:root:YOLO postprocess DONE! objs:tuple[left, top, right, bottom, class_id, score] :(0, 0, 146, 111, 0, 0.7461027503013611)
DEBUG:root:[992, 454, 240, 88]
DEBUG:root:channel_idx is 11 image_idx is 27,len(objs) is2
INFO:root:YOLO postprocess DONE! objs:tuple[left, top, right, bottom, class_id, score] :(983, 453, 1210, 541, 0, 0.665496289730072)
DEBUG:root:[288, 454, 240, 88]
INFO:root:YOLO postprocess DONE! objs:tuple[left, top, right, bottom, class_id, score] :(259, 453, 485, 541, 0, 0.665496289730072)
INFO:root:decode channel and sent to ipc done, channle id is 3, frameid is 84
INFO:root:decode channel and sent to ipc done, channle id is 4, frameid is 85
INFO:root:decode channel and sent to ipc done, channle id is 5, frameid is 86
INFO:root:image 36 CROP DONE! 
DEBUG:root:channel_idx is 8 image_idx is 40,len(objs) is2
DEBUG:root:[0, 0, 160, 112]
INFO:root:YOLO postprocess DONE! objs:tuple[left, top, right, bottom, class_id, score] :(0, 0, 146, 111, 0, 0.7251471281051636)
DEBUG:root:channel_idx is 8 image_idx is 40,len(objs) is2
DEBUG:root:[992, 454, 240, 88]
INFO:root:decode channel and sent to ipc done, channle id is 6, frameid is 87
INFO:root:YOLO postprocess DONE! objs:tuple[left, top, right, bottom, class_id, score] :(983, 453, 1210, 541, 0, 0.665496289730072)
INFO:root:image 27 CROP DONE! 
DEBUG:root:channel_idx is 15 image_idx is 31,len(objs) is2
DEBUG:root:[0, 0, 160, 112]
INFO:root:YOLO postprocess DONE! objs:tuple[left, top, right, bottom, class_id, score] :(0, 0, 146, 111, 0, 0.7461027503013611)
DEBUG:root:channel_idx is 15 image_idx is 31,len(objs) is2
DEBUG:root:[288, 454, 240, 88]
INFO:root:YOLO postprocess DONE! objs:tuple[left, top, right, bottom, class_id, score] :(259, 453, 485, 541, 0, 0.665496289730072)
INFO:root:decode channel and sent to ipc done, channle id is 7, frameid is 88
INFO:root:image 40 CROP DONE! 
DEBUG:root:channel_idx is 12 image_idx is 44,len(objs) is2
INFO:root:image 31 CROP DONE! 
DEBUG:root:[0, 0, 160, 112]
INFO:root:YOLO postprocess DONE! objs:tuple[left, top, right, bottom, class_id, score] :(0, 0, 146, 111, 0, 0.7251471281051636)
DEBUG:root:channel_idx is 12 image_idx is 44,len(objs) is2
DEBUG:root:[992, 454, 240, 88]
INFO:root:YOLO post and crop DONE!,len res is 8:
INFO:root:YOLO postprocess DONE! objs:tuple[left, top, right, bottom, class_id, score] :(983, 453, 1210, 541, 0, 0.665496289730072)
DEBUG:root:YOLO process start
DEBUG:root:YOLO get bmimage from ipc
DEBUG:root:YOLO get bmimage from ipc
INFO:root:decode channel and sent to ipc done, channle id is 8, frameid is 89
DEBUG:root:YOLO get bmimage from ipc
DEBUG:root:YOLO get bmimage from ipc
INFO:root:pushdata start, bmimg w is 1440, h is 1160 
INFO:root:image 44 CROP DONE! 
INFO:root:pushdata start, bmimg w is 1440, h is 1160 
INFO:root:pushdata start, bmimg w is 1440, h is 1160 
INFO:root:pushdata start, bmimg w is 1440, h is 1160 
INFO:root:YOLO post and crop DONE!,len res is 8:
INFO:root:pushdata exit, time use: 0.00s
DEBUG:root:YOLO process start
DEBUG:root:YOLO get bmimage from ipc
DEBUG:root:YOLO get bmimage from ipc
DEBUG:root:YOLO get bmimage from ipc
INFO:root:decode channel and sent to ipc done, channle id is 9, frameid is 90
DEBUG:root:YOLO get bmimage from ipc
INFO:root:pushdata start, bmimg w is 1440, h is 1160 
INFO:root:pushdata start, bmimg w is 1440, h is 1160 
INFO:root:pushdata start, bmimg w is 1440, h is 1160 
INFO:root:pushdata start, bmimg w is 1440, h is 1160 
INFO:root:pushdata exit, time use: 0.00s
INFO:root:decode channel and sent to ipc done, channle id is 10, frameid is 91
INFO:root:decode channel and sent to ipc done, channle id is 11, frameid is 92
INFO:root:decode channel and sent to ipc done, channle id is 12, frameid is 93
INFO:root:decode channel and sent to ipc done, channle id is 13, frameid is 94
INFO:root:YOLO pre and infer DONE!
INFO:root:decode channel and sent to ipc done, channle id is 14, frameid is 95
INFO:root:push data to YOLO postprocess SUCCESS, ret: 0
DEBUG:root:channel_idx is 1 image_idx is 33,len(objs) is2
DEBUG:root:[0, 0, 160, 112]
INFO:root:YOLO postprocess DONE! objs:tuple[left, top, right, bottom, class_id, score] :(0, 0, 146, 111, 0, 0.7251471281051636)
DEBUG:root:channel_idx is 1 image_idx is 33,len(objs) is2
DEBUG:root:[992, 454, 240, 88]
INFO:root:YOLO postprocess DONE! objs:tuple[left, top, right, bottom, class_id, score] :(983, 453, 1210, 541, 0, 0.665496289730072)
INFO:root:YOLO pre and infer DONE!
INFO:root:image 33 CROP DONE! 
DEBUG:root:channel_idx is 5 image_idx is 37,len(objs) is2
DEBUG:root:[0, 0, 160, 112]
INFO:root:YOLO postprocess DONE! objs:tuple[left, top, right, bottom, class_id, score] :(0, 0, 146, 111, 0, 0.7251471281051636)
DEBUG:root:channel_idx is 5 image_idx is 37,len(objs) is2
DEBUG:root:[992, 454, 240, 88]
INFO:root:YOLO postprocess DONE! objs:tuple[left, top, right, bottom, class_id, score] :(983, 453, 1210, 541, 0, 0.665496289730072)
INFO:root:push data to YOLO postprocess SUCCESS, ret: 0
DEBUG:root:channel_idx is 2 image_idx is 34,len(objs) is2
INFO:root:image 37 CROP DONE! 
DEBUG:root:[0, 0, 160, 112]
INFO:root:YOLO postprocess DONE! objs:tuple[left, top, right, bottom, class_id, score] :(0, 0, 146, 111, 0, 0.7251471281051636)
DEBUG:root:channel_idx is 9 image_idx is 41,len(objs) is2
DEBUG:root:channel_idx is 2 image_idx is 34,len(objs) is2
DEBUG:root:[0, 0, 160, 112]
DEBUG:root:[992, 454, 240, 88]
INFO:root:YOLO postprocess DONE! objs:tuple[left, top, right, bottom, class_id, score] :(0, 0, 146, 111, 0, 0.7251471281051636)
INFO:root:YOLO postprocess DONE! objs:tuple[left, top, right, bottom, class_id, score] :(983, 453, 1210, 541, 0, 0.665496289730072)
DEBUG:root:channel_idx is 9 image_idx is 41,len(objs) is2
DEBUG:root:[992, 454, 240, 88]
INFO:root:YOLO postprocess DONE! objs:tuple[left, top, right, bottom, class_id, score] :(983, 453, 1210, 541, 0, 0.665496289730072)
INFO:root:image 34 CROP DONE! 
DEBUG:root:channel_idx is 6 image_idx is 38,len(objs) is2
DEBUG:root:[0, 0, 160, 112]
INFO:root:YOLO postprocess DONE! objs:tuple[left, top, right, bottom, class_id, score] :(0, 0, 146, 111, 0, 0.7251471281051636)
DEBUG:root:channel_idx is 6 image_idx is 38,len(objs) is2
DEBUG:root:[992, 454, 240, 88]
INFO:root:YOLO postprocess DONE! objs:tuple[left, top, right, bottom, class_id, score] :(983, 453, 1210, 541, 0, 0.665496289730072)
INFO:root:image 41 CROP DONE! 
DEBUG:root:channel_idx is 13 image_idx is 45,len(objs) is2
DEBUG:root:[0, 0, 160, 112]
INFO:root:YOLO postprocess DONE! objs:tuple[left, top, right, bottom, class_id, score] :(0, 0, 146, 111, 0, 0.7251471281051636)
DEBUG:root:channel_idx is 13 image_idx is 45,len(objs) is2
DEBUG:root:[992, 454, 240, 88]
INFO:root:YOLO postprocess DONE! objs:tuple[left, top, right, bottom, class_id, score] :(983, 453, 1210, 541, 0, 0.665496289730072)
INFO:root:image 38 CROP DONE! 
DEBUG:root:channel_idx is 10 image_idx is 42,len(objs) is2
DEBUG:root:[0, 0, 160, 112]
INFO:root:YOLO postprocess DONE! objs:tuple[left, top, right, bottom, class_id, score] :(0, 0, 146, 111, 0, 0.7251471281051636)
DEBUG:root:channel_idx is 10 image_idx is 42,len(objs) is2
DEBUG:root:[992, 454, 240, 88]
INFO:root:YOLO postprocess DONE! objs:tuple[left, top, right, bottom, class_id, score] :(983, 453, 1210, 541, 0, 0.665496289730072)
INFO:root:image 45 CROP DONE! 
INFO:root:YOLO post and crop DONE!,len res is 8:
DEBUG:root:YOLO process start
DEBUG:root:YOLO get bmimage from ipc
DEBUG:root:YOLO get bmimage from ipc
DEBUG:root:YOLO get bmimage from ipc
DEBUG:root:YOLO get bmimage from ipc
INFO:root:pushdata start, bmimg w is 1440, h is 1160 
INFO:root:pushdata start, bmimg w is 1440, h is 1160 
INFO:root:pushdata start, bmimg w is 1440, h is 1160 
INFO:root:pushdata start, bmimg w is 1440, h is 1160 
INFO:root:decode channel and sent to ipc done, channle id is 15, frameid is 96
INFO:root:image 42 CROP DONE! 
INFO:root:pushdata exit, time use: 0.00s
DEBUG:root:channel_idx is 14 image_idx is 46,len(objs) is2
DEBUG:root:[0, 0, 160, 112]
INFO:root:YOLO postprocess DONE! objs:tuple[left, top, right, bottom, class_id, score] :(0, 0, 146, 111, 0, 0.7251471281051636)
DEBUG:root:channel_idx is 14 image_idx is 46,len(objs) is2
DEBUG:root:[992, 454, 240, 88]
INFO:root:YOLO postprocess DONE! objs:tuple[left, top, right, bottom, class_id, score] :(983, 453, 1210, 541, 0, 0.665496289730072)
INFO:root:decode channel and sent to ipc done, channle id is 0, frameid is 97
INFO:root:image 46 CROP DONE! 
INFO:root:YOLO post and crop DONE!,len res is 8:
DEBUG:root:YOLO process start
DEBUG:root:YOLO get bmimage from ipc
DEBUG:root:YOLO get bmimage from ipc
DEBUG:root:YOLO get bmimage from ipc
INFO:root:decode channel and sent to ipc done, channle id is 1, frameid is 98
DEBUG:root:YOLO get bmimage from ipc
INFO:root:pushdata start, bmimg w is 1440, h is 1160 
INFO:root:pushdata start, bmimg w is 1440, h is 1160 
INFO:root:pushdata start, bmimg w is 1440, h is 1160 
INFO:root:pushdata start, bmimg w is 1440, h is 1160 
INFO:root:pushdata exit, time use: 0.00s
INFO:root:decode channel and sent to ipc done, channle id is 2, frameid is 99
INFO:root:decode channel and sent to ipc done, channle id is 3, frameid is 100
INFO:root:decode channel and sent to ipc done, channle id is 4, frameid is 101
INFO:root:decode channel and sent to ipc done, channle id is 5, frameid is 102
INFO:root:YOLO pre and infer DONE!
INFO:root:decode channel and sent to ipc done, channle id is 6, frameid is 103
INFO:root:decode channel and sent to ipc done, channle id is 7, frameid is 104
INFO:root:decode channel and sent to ipc done, channle id is 8, frameid is 105
INFO:root:decode channel and sent to ipc done, channle id is 9, frameid is 106
INFO:root:decode channel and sent to ipc done, channle id is 10, frameid is 107
INFO:root:push data to YOLO postprocess SUCCESS, ret: 0
DEBUG:root:channel_idx is 3 image_idx is 35,len(objs) is2
INFO:root:decode channel and sent to ipc done, channle id is 11, frameid is 108
DEBUG:root:[0, 0, 160, 112]
INFO:root:YOLO postprocess DONE! objs:tuple[left, top, right, bottom, class_id, score] :(0, 0, 146, 111, 0, 0.7251471281051636)
DEBUG:root:channel_idx is 3 image_idx is 35,len(objs) is2
DEBUG:root:[992, 454, 240, 88]
INFO:root:YOLO postprocess DONE! objs:tuple[left, top, right, bottom, class_id, score] :(983, 453, 1210, 541, 0, 0.665496289730072)
INFO:root:decode channel and sent to ipc done, channle id is 12, frameid is 109
INFO:root:YOLO pre and infer DONE!
INFO:root:decode channel and sent to ipc done, channle id is 13, frameid is 110
INFO:root:decode channel and sent to ipc done, channle id is 14, frameid is 111
INFO:root:image 35 CROP DONE! 
DEBUG:root:channel_idx is 7 image_idx is 39,len(objs) is2
DEBUG:root:[0, 0, 160, 112]
INFO:root:YOLO postprocess DONE! objs:tuple[left, top, right, bottom, class_id, score] :(0, 0, 146, 111, 0, 0.7251471281051636)
DEBUG:root:channel_idx is 7 image_idx is 39,len(objs) is2
DEBUG:root:[992, 454, 240, 88]
INFO:root:YOLO postprocess DONE! objs:tuple[left, top, right, bottom, class_id, score] :(983, 453, 1210, 541, 0, 0.665496289730072)
INFO:root:push data to YOLO postprocess SUCCESS, ret: 0
DEBUG:root:channel_idx is 0 image_idx is 48,len(objs) is3
DEBUG:root:[0, 0, 160, 112]
INFO:root:YOLO postprocess DONE! objs:tuple[left, top, right, bottom, class_id, score] :(0, 0, 146, 111, 0, 0.7251471281051636)
DEBUG:root:channel_idx is 0 image_idx is 48,len(objs) is3
DEBUG:root:[288, 446, 240, 104]
INFO:root:YOLO postprocess DONE! objs:tuple[left, top, right, bottom, class_id, score] :(259, 445, 485, 549, 0, 0.665496289730072)
DEBUG:root:channel_idx is 0 image_idx is 48,len(objs) is3
DEBUG:root:[992, 454, 240, 88]
INFO:root:YOLO postprocess DONE! objs:tuple[left, top, right, bottom, class_id, score] :(983, 453, 1210, 541, 0, 0.665496289730072)
INFO:root:image 39 CROP DONE! 
DEBUG:root:channel_idx is 11 image_idx is 43,len(objs) is2
DEBUG:root:[0, 0, 160, 112]
INFO:root:image 48 CROP DONE! 
INFO:root:YOLO postprocess DONE! objs:tuple[left, top, right, bottom, class_id, score] :(0, 0, 146, 111, 0, 0.7251471281051636)
DEBUG:root:channel_idx is 11 image_idx is 43,len(objs) is2
DEBUG:root:[992, 454, 240, 88]
DEBUG:root:channel_idx is 4 image_idx is 52,len(objs) is3
INFO:root:YOLO postprocess DONE! objs:tuple[left, top, right, bottom, class_id, score] :(983, 453, 1210, 541, 0, 0.665496289730072)
DEBUG:root:[0, 0, 160, 112]
INFO:root:YOLO postprocess DONE! objs:tuple[left, top, right, bottom, class_id, score] :(0, 0, 146, 111, 0, 0.7251471281051636)
DEBUG:root:channel_idx is 4 image_idx is 52,len(objs) is3
DEBUG:root:[288, 446, 240, 104]
INFO:root:YOLO postprocess DONE! objs:tuple[left, top, right, bottom, class_id, score] :(259, 445, 485, 549, 0, 0.665496289730072)
DEBUG:root:channel_idx is 4 image_idx is 52,len(objs) is3
DEBUG:root:[992, 454, 240, 88]
INFO:root:YOLO postprocess DONE! objs:tuple[left, top, right, bottom, class_id, score] :(983, 453, 1210, 541, 0, 0.665496289730072)
INFO:root:image 43 CROP DONE! 
DEBUG:root:channel_idx is 15 image_idx is 47,len(objs) is2
DEBUG:root:[0, 0, 160, 112]
INFO:root:image 52 CROP DONE! 
INFO:root:YOLO postprocess DONE! objs:tuple[left, top, right, bottom, class_id, score] :(0, 0, 146, 111, 0, 0.7251471281051636)
DEBUG:root:channel_idx is 15 image_idx is 47,len(objs) is2
DEBUG:root:[992, 454, 240, 88]
DEBUG:root:channel_idx is 8 image_idx is 56,len(objs) is3
INFO:root:YOLO postprocess DONE! objs:tuple[left, top, right, bottom, class_id, score] :(983, 453, 1210, 541, 0, 0.665496289730072)
DEBUG:root:[0, 0, 160, 112]
INFO:root:YOLO postprocess DONE! objs:tuple[left, top, right, bottom, class_id, score] :(0, 0, 146, 111, 0, 0.7251471281051636)
DEBUG:root:channel_idx is 8 image_idx is 56,len(objs) is3
DEBUG:root:[288, 446, 240, 104]
INFO:root:YOLO postprocess DONE! objs:tuple[left, top, right, bottom, class_id, score] :(259, 445, 485, 549, 0, 0.665496289730072)
DEBUG:root:channel_idx is 8 image_idx is 56,len(objs) is3
DEBUG:root:[992, 454, 240, 88]
INFO:root:image 47 CROP DONE! 
INFO:root:YOLO postprocess DONE! objs:tuple[left, top, right, bottom, class_id, score] :(983, 453, 1210, 541, 0, 0.665496289730072)
INFO:root:YOLO post and crop DONE!,len res is 8:
DEBUG:root:YOLO process start
DEBUG:root:YOLO get bmimage from ipc
DEBUG:root:YOLO get bmimage from ipc
INFO:root:image 56 CROP DONE! 
DEBUG:root:YOLO get bmimage from ipc
DEBUG:root:YOLO get bmimage from ipc
DEBUG:root:channel_idx is 12 image_idx is 60,len(objs) is3
INFO:root:pushdata start, bmimg w is 1440, h is 1160 
DEBUG:root:[0, 0, 160, 112]
INFO:root:YOLO postprocess DONE! objs:tuple[left, top, right, bottom, class_id, score] :(0, 0, 146, 111, 0, 0.7251471281051636)
INFO:root:pushdata start, bmimg w is 1440, h is 1160 
DEBUG:root:channel_idx is 12 image_idx is 60,len(objs) is3
INFO:root:pushdata start, bmimg w is 1440, h is 1160 
DEBUG:root:[288, 446, 240, 104]
INFO:root:YOLO postprocess DONE! objs:tuple[left, top, right, bottom, class_id, score] :(259, 445, 485, 549, 0, 0.665496289730072)
INFO:root:pushdata start, bmimg w is 1440, h is 1160 
DEBUG:root:channel_idx is 12 image_idx is 60,len(objs) is3
DEBUG:root:[992, 454, 240, 88]
INFO:root:pushdata exit, time use: 0.00s
INFO:root:YOLO postprocess DONE! objs:tuple[left, top, right, bottom, class_id, score] :(983, 453, 1210, 541, 0, 0.665496289730072)
INFO:root:image 60 CROP DONE! 
INFO:root:YOLO post and crop DONE!,len res is 12:
DEBUG:root:YOLO process start
DEBUG:root:YOLO get bmimage from ipc
DEBUG:root:YOLO get bmimage from ipc
DEBUG:root:YOLO get bmimage from ipc
DEBUG:root:YOLO get bmimage from ipc
INFO:root:pushdata start, bmimg w is 1440, h is 1160 
INFO:root:pushdata start, bmimg w is 1440, h is 1160 
INFO:root:pushdata start, bmimg w is 1440, h is 1160 
INFO:root:pushdata start, bmimg w is 1440, h is 1160 
INFO:root:pushdata exit, time use: 0.00s
INFO:root:YOLO pre and infer DONE!
INFO:root:push data to YOLO postprocess SUCCESS, ret: 0
DEBUG:root:channel_idx is 1 image_idx is 49,len(objs) is3
DEBUG:root:[0, 0, 160, 112]
INFO:root:YOLO postprocess DONE! objs:tuple[left, top, right, bottom, class_id, score] :(0, 0, 146, 111, 0, 0.7251471281051636)
DEBUG:root:channel_idx is 1 image_idx is 49,len(objs) is3
DEBUG:root:[288, 446, 240, 104]
INFO:root:YOLO postprocess DONE! objs:tuple[left, top, right, bottom, class_id, score] :(259, 445, 485, 549, 0, 0.665496289730072)
DEBUG:root:channel_idx is 1 image_idx is 49,len(objs) is3
DEBUG:root:[992, 454, 240, 88]
INFO:root:YOLO postprocess DONE! objs:tuple[left, top, right, bottom, class_id, score] :(983, 453, 1210, 541, 0, 0.665496289730072)
INFO:root:decode channel and sent to ipc done, channle id is 15, frameid is 112
INFO:root:decode channel and sent to ipc done, channle id is 0, frameid is 113
INFO:root:YOLO pre and infer DONE!
INFO:root:decode channel and sent to ipc done, channle id is 1, frameid is 114
INFO:root:decode channel and sent to ipc done, channle id is 2, frameid is 115
INFO:root:push data to YOLO postprocess SUCCESS, ret: 0
DEBUG:root:channel_idx is 2 image_idx is 50,len(objs) is3
DEBUG:root:[0, 0, 160, 112]
INFO:root:YOLO postprocess DONE! objs:tuple[left, top, right, bottom, class_id, score] :(0, 0, 146, 111, 0, 0.7251471281051636)
DEBUG:root:channel_idx is 2 image_idx is 50,len(objs) is3
DEBUG:root:[288, 446, 240, 104]
INFO:root:YOLO postprocess DONE! objs:tuple[left, top, right, bottom, class_id, score] :(259, 445, 485, 549, 0, 0.665496289730072)
DEBUG:root:channel_idx is 2 image_idx is 50,len(objs) is3
DEBUG:root:[992, 454, 240, 88]
INFO:root:YOLO postprocess DONE! objs:tuple[left, top, right, bottom, class_id, score] :(983, 453, 1210, 541, 0, 0.665496289730072)
INFO:root:decode channel and sent to ipc done, channle id is 3, frameid is 116
INFO:root:decode channel and sent to ipc done, channle id is 4, frameid is 117
INFO:root:decode channel and sent to ipc done, channle id is 5, frameid is 118
INFO:root:decode channel and sent to ipc done, channle id is 6, frameid is 119
INFO:root:image 49 CROP DONE! 
DEBUG:root:channel_idx is 5 image_idx is 53,len(objs) is3
DEBUG:root:[0, 0, 160, 112]
INFO:root:YOLO postprocess DONE! objs:tuple[left, top, right, bottom, class_id, score] :(0, 0, 146, 111, 0, 0.7251471281051636)
DEBUG:root:channel_idx is 5 image_idx is 53,len(objs) is3
DEBUG:root:[288, 446, 240, 104]
INFO:root:YOLO postprocess DONE! objs:tuple[left, top, right, bottom, class_id, score] :(259, 445, 485, 549, 0, 0.665496289730072)
DEBUG:root:channel_idx is 5 image_idx is 53,len(objs) is3
DEBUG:root:[992, 454, 240, 88]
INFO:root:YOLO postprocess DONE! objs:tuple[left, top, right, bottom, class_id, score] :(983, 453, 1210, 541, 0, 0.665496289730072)
INFO:root:decode channel and sent to ipc done, channle id is 7, frameid is 120
INFO:root:decode channel and sent to ipc done, channle id is 8, frameid is 121
INFO:root:image 50 CROP DONE! 
DEBUG:root:channel_idx is 6 image_idx is 54,len(objs) is3
DEBUG:root:[0, 0, 160, 112]
INFO:root:YOLO postprocess DONE! objs:tuple[left, top, right, bottom, class_id, score] :(0, 0, 146, 111, 0, 0.7251471281051636)
DEBUG:root:channel_idx is 6 image_idx is 54,len(objs) is3
DEBUG:root:[288, 446, 240, 104]
INFO:root:YOLO postprocess DONE! objs:tuple[left, top, right, bottom, class_id, score] :(259, 445, 485, 549, 0, 0.665496289730072)
DEBUG:root:channel_idx is 6 image_idx is 54,len(objs) is3
DEBUG:root:[992, 454, 240, 88]
INFO:root:YOLO postprocess DONE! objs:tuple[left, top, right, bottom, class_id, score] :(983, 453, 1210, 541, 0, 0.665496289730072)
INFO:root:decode channel and sent to ipc done, channle id is 9, frameid is 122
INFO:root:decode channel and sent to ipc done, channle id is 10, frameid is 123
INFO:root:image 53 CROP DONE! 
DEBUG:root:channel_idx is 9 image_idx is 57,len(objs) is3
INFO:root:image 54 CROP DONE! 
DEBUG:root:[0, 0, 160, 112]
INFO:root:YOLO postprocess DONE! objs:tuple[left, top, right, bottom, class_id, score] :(0, 0, 146, 111, 0, 0.7251471281051636)
DEBUG:root:channel_idx is 9 image_idx is 57,len(objs) is3
DEBUG:root:channel_idx is 10 image_idx is 58,len(objs) is3
DEBUG:root:[288, 446, 240, 104]
DEBUG:root:[0, 0, 160, 112]
INFO:root:YOLO postprocess DONE! objs:tuple[left, top, right, bottom, class_id, score] :(259, 445, 485, 549, 0, 0.665496289730072)
INFO:root:YOLO postprocess DONE! objs:tuple[left, top, right, bottom, class_id, score] :(0, 0, 146, 111, 0, 0.7251471281051636)
DEBUG:root:channel_idx is 9 image_idx is 57,len(objs) is3
DEBUG:root:channel_idx is 10 image_idx is 58,len(objs) is3
DEBUG:root:[992, 454, 240, 88]
DEBUG:root:[288, 446, 240, 104]
INFO:root:YOLO postprocess DONE! objs:tuple[left, top, right, bottom, class_id, score] :(983, 453, 1210, 541, 0, 0.665496289730072)
INFO:root:YOLO postprocess DONE! objs:tuple[left, top, right, bottom, class_id, score] :(259, 445, 485, 549, 0, 0.665496289730072)
DEBUG:root:channel_idx is 10 image_idx is 58,len(objs) is3
DEBUG:root:[992, 454, 240, 88]
INFO:root:YOLO postprocess DONE! objs:tuple[left, top, right, bottom, class_id, score] :(983, 453, 1210, 541, 0, 0.665496289730072)
INFO:root:decode channel and sent to ipc done, channle id is 11, frameid is 124
INFO:root:decode channel and sent to ipc done, channle id is 12, frameid is 125
INFO:root:image 58 CROP DONE! 
INFO:root:image 57 CROP DONE! 
DEBUG:root:channel_idx is 14 image_idx is 62,len(objs) is3
DEBUG:root:[0, 0, 160, 112]
DEBUG:root:channel_idx is 13 image_idx is 61,len(objs) is3
DEBUG:root:[0, 0, 160, 112]
INFO:root:YOLO postprocess DONE! objs:tuple[left, top, right, bottom, class_id, score] :(0, 0, 146, 111, 0, 0.7251471281051636)
DEBUG:root:channel_idx is 14 image_idx is 62,len(objs) is3
INFO:root:YOLO postprocess DONE! objs:tuple[left, top, right, bottom, class_id, score] :(0, 0, 146, 111, 0, 0.7251471281051636)
DEBUG:root:[288, 446, 240, 104]
DEBUG:root:channel_idx is 13 image_idx is 61,len(objs) is3
INFO:root:YOLO postprocess DONE! objs:tuple[left, top, right, bottom, class_id, score] :(259, 445, 485, 549, 0, 0.665496289730072)
DEBUG:root:[288, 446, 240, 104]
DEBUG:root:channel_idx is 14 image_idx is 62,len(objs) is3
INFO:root:YOLO postprocess DONE! objs:tuple[left, top, right, bottom, class_id, score] :(259, 445, 485, 549, 0, 0.665496289730072)
DEBUG:root:[992, 454, 240, 88]
DEBUG:root:channel_idx is 13 image_idx is 61,len(objs) is3
INFO:root:YOLO postprocess DONE! objs:tuple[left, top, right, bottom, class_id, score] :(983, 453, 1210, 541, 0, 0.665496289730072)
DEBUG:root:[992, 454, 240, 88]
INFO:root:YOLO postprocess DONE! objs:tuple[left, top, right, bottom, class_id, score] :(983, 453, 1210, 541, 0, 0.665496289730072)
INFO:root:decode channel and sent to ipc done, channle id is 13, frameid is 126
INFO:root:image 62 CROP DONE! 
INFO:root:YOLO post and crop DONE!,len res is 12:
DEBUG:root:YOLO process start
DEBUG:root:YOLO get bmimage from ipc
DEBUG:root:YOLO get bmimage from ipc
DEBUG:root:YOLO get bmimage from ipc
DEBUG:root:YOLO get bmimage from ipc
INFO:root:decode channel and sent to ipc done, channle id is 14, frameid is 127
INFO:root:pushdata start, bmimg w is 1440, h is 1160 
INFO:root:pushdata start, bmimg w is 1440, h is 1160 
INFO:root:image 61 CROP DONE! 
INFO:root:pushdata start, bmimg w is 1440, h is 1160 
INFO:root:pushdata start, bmimg w is 1440, h is 1160 
INFO:root:pushdata exit, time use: 0.00s
INFO:root:YOLO post and crop DONE!,len res is 12:
DEBUG:root:YOLO process start
DEBUG:root:YOLO get bmimage from ipc
DEBUG:root:YOLO get bmimage from ipc
DEBUG:root:YOLO get bmimage from ipc
DEBUG:root:YOLO get bmimage from ipc
INFO:root:pushdata start, bmimg w is 1440, h is 1160 
INFO:root:pushdata start, bmimg w is 1440, h is 1160 
INFO:root:pushdata start, bmimg w is 1440, h is 1160 
INFO:root:YOLO pre and infer DONE!
INFO:root:pushdata start, bmimg w is 1440, h is 1160 
INFO:root:pushdata exit, time use: 0.00s
INFO:root:push data to YOLO postprocess SUCCESS, ret: 0
DEBUG:root:channel_idx is 3 image_idx is 51,len(objs) is3
DEBUG:root:[0, 0, 160, 112]
INFO:root:YOLO postprocess DONE! objs:tuple[left, top, right, bottom, class_id, score] :(0, 0, 146, 111, 0, 0.7251471281051636)
DEBUG:root:channel_idx is 3 image_idx is 51,len(objs) is3
DEBUG:root:[288, 446, 240, 104]
INFO:root:YOLO postprocess DONE! objs:tuple[left, top, right, bottom, class_id, score] :(259, 445, 485, 549, 0, 0.665496289730072)
DEBUG:root:channel_idx is 3 image_idx is 51,len(objs) is3
DEBUG:root:[992, 454, 240, 88]
INFO:root:YOLO postprocess DONE! objs:tuple[left, top, right, bottom, class_id, score] :(983, 453, 1210, 541, 0, 0.665496289730072)
INFO:root:YOLO pre and infer DONE!
INFO:root:push data to YOLO postprocess SUCCESS, ret: 0
DEBUG:root:channel_idx is 0 image_idx is 64,len(objs) is2
DEBUG:root:[0, 0, 160, 112]
INFO:root:YOLO postprocess DONE! objs:tuple[left, top, right, bottom, class_id, score] :(0, 0, 146, 111, 0, 0.7461027503013611)
DEBUG:root:channel_idx is 0 image_idx is 64,len(objs) is2
DEBUG:root:[992, 454, 240, 88]
INFO:root:YOLO postprocess DONE! objs:tuple[left, top, right, bottom, class_id, score] :(983, 453, 1210, 541, 0, 0.665496289730072)
INFO:root:image 51 CROP DONE! 
DEBUG:root:channel_idx is 7 image_idx is 55,len(objs) is3
DEBUG:root:[0, 0, 160, 112]
INFO:root:YOLO postprocess DONE! objs:tuple[left, top, right, bottom, class_id, score] :(0, 0, 146, 111, 0, 0.7251471281051636)
DEBUG:root:channel_idx is 7 image_idx is 55,len(objs) is3
DEBUG:root:[288, 446, 240, 104]
INFO:root:YOLO postprocess DONE! objs:tuple[left, top, right, bottom, class_id, score] :(259, 445, 485, 549, 0, 0.665496289730072)
DEBUG:root:channel_idx is 7 image_idx is 55,len(objs) is3
DEBUG:root:[992, 454, 240, 88]
INFO:root:YOLO postprocess DONE! objs:tuple[left, top, right, bottom, class_id, score] :(983, 453, 1210, 541, 0, 0.665496289730072)
INFO:root:decode channel and sent to ipc done, channle id is 15, frameid is 128
INFO:root:image 64 CROP DONE! 
DEBUG:root:channel_idx is 4 image_idx is 68,len(objs) is2
INFO:root:image 55 CROP DONE! 
DEBUG:root:[0, 0, 160, 112]
INFO:root:YOLO postprocess DONE! objs:tuple[left, top, right, bottom, class_id, score] :(0, 0, 146, 111, 0, 0.7461027503013611)
DEBUG:root:channel_idx is 4 image_idx is 68,len(objs) is2
DEBUG:root:channel_idx is 11 image_idx is 59,len(objs) is3
DEBUG:root:[992, 454, 240, 88]
DEBUG:root:[0, 0, 160, 112]
INFO:root:YOLO postprocess DONE! objs:tuple[left, top, right, bottom, class_id, score] :(983, 453, 1210, 541, 0, 0.665496289730072)
INFO:root:YOLO postprocess DONE! objs:tuple[left, top, right, bottom, class_id, score] :(0, 0, 146, 111, 0, 0.7251471281051636)
DEBUG:root:channel_idx is 11 image_idx is 59,len(objs) is3
DEBUG:root:[288, 446, 240, 104]
INFO:root:YOLO postprocess DONE! objs:tuple[left, top, right, bottom, class_id, score] :(259, 445, 485, 549, 0, 0.665496289730072)
DEBUG:root:channel_idx is 11 image_idx is 59,len(objs) is3
DEBUG:root:[992, 454, 240, 88]
INFO:root:YOLO postprocess DONE! objs:tuple[left, top, right, bottom, class_id, score] :(983, 453, 1210, 541, 0, 0.665496289730072)
INFO:root:decode channel and sent to ipc done, channle id is 0, frameid is 129
INFO:root:image 68 CROP DONE! 
DEBUG:root:channel_idx is 8 image_idx is 72,len(objs) is2
DEBUG:root:[0, 0, 160, 112]
INFO:root:YOLO postprocess DONE! objs:tuple[left, top, right, bottom, class_id, score] :(0, 0, 146, 111, 0, 0.7461027503013611)
DEBUG:root:channel_idx is 8 image_idx is 72,len(objs) is2
DEBUG:root:[992, 454, 240, 88]
INFO:root:YOLO postprocess DONE! objs:tuple[left, top, right, bottom, class_id, score] :(983, 453, 1210, 541, 0, 0.665496289730072)
INFO:root:decode channel and sent to ipc done, channle id is 1, frameid is 130
INFO:root:image 59 CROP DONE! 
DEBUG:root:channel_idx is 15 image_idx is 63,len(objs) is3
DEBUG:root:[0, 0, 160, 112]
INFO:root:YOLO postprocess DONE! objs:tuple[left, top, right, bottom, class_id, score] :(0, 0, 146, 111, 0, 0.7251471281051636)
DEBUG:root:channel_idx is 15 image_idx is 63,len(objs) is3
DEBUG:root:[288, 446, 240, 104]
INFO:root:YOLO postprocess DONE! objs:tuple[left, top, right, bottom, class_id, score] :(259, 445, 485, 549, 0, 0.665496289730072)
DEBUG:root:channel_idx is 15 image_idx is 63,len(objs) is3
DEBUG:root:[992, 454, 240, 88]
INFO:root:YOLO postprocess DONE! objs:tuple[left, top, right, bottom, class_id, score] :(983, 453, 1210, 541, 0, 0.665496289730072)
INFO:root:decode channel and sent to ipc done, channle id is 2, frameid is 131
INFO:root:image 72 CROP DONE! 
DEBUG:root:channel_idx is 12 image_idx is 76,len(objs) is2
DEBUG:root:[0, 0, 160, 112]
INFO:root:YOLO postprocess DONE! objs:tuple[left, top, right, bottom, class_id, score] :(0, 0, 146, 111, 0, 0.7461027503013611)
DEBUG:root:channel_idx is 12 image_idx is 76,len(objs) is2
DEBUG:root:[992, 454, 240, 88]
INFO:root:YOLO postprocess DONE! objs:tuple[left, top, right, bottom, class_id, score] :(983, 453, 1210, 541, 0, 0.665496289730072)
INFO:root:decode channel and sent to ipc done, channle id is 3, frameid is 132
INFO:root:decode channel and sent to ipc done, channle id is 4, frameid is 133
INFO:root:image 63 CROP DONE! 
INFO:root:image 76 CROP DONE! 
INFO:root:YOLO post and crop DONE!,len res is 12:
DEBUG:root:YOLO process start
INFO:root:YOLO post and crop DONE!,len res is 8:
DEBUG:root:YOLO process start
DEBUG:root:YOLO get bmimage from ipc
DEBUG:root:YOLO get bmimage from ipc
DEBUG:root:YOLO get bmimage from ipc
DEBUG:root:YOLO get bmimage from ipc
DEBUG:root:YOLO get bmimage from ipc
DEBUG:root:YOLO get bmimage from ipc
DEBUG:root:YOLO get bmimage from ipc
INFO:root:pushdata start, bmimg w is 1440, h is 1160 
INFO:root:decode channel and sent to ipc done, channle id is 5, frameid is 134
DEBUG:root:YOLO get bmimage from ipc
INFO:root:pushdata start, bmimg w is 1440, h is 1160 
INFO:root:pushdata start, bmimg w is 1440, h is 1160 
INFO:root:pushdata start, bmimg w is 1440, h is 1160 
INFO:root:pushdata start, bmimg w is 1440, h is 1160 
INFO:root:pushdata start, bmimg w is 1440, h is 1160 
INFO:root:pushdata exit, time use: 0.00s
INFO:root:pushdata start, bmimg w is 1440, h is 1160 
INFO:root:pushdata start, bmimg w is 1440, h is 1160 
INFO:root:pushdata exit, time use: 0.00s
INFO:root:decode channel and sent to ipc done, channle id is 6, frameid is 135
INFO:root:decode channel and sent to ipc done, channle id is 7, frameid is 136
INFO:root:decode channel and sent to ipc done, channle id is 8, frameid is 137
INFO:root:decode channel and sent to ipc done, channle id is 9, frameid is 138
INFO:root:decode channel and sent to ipc done, channle id is 10, frameid is 139
INFO:root:decode channel and sent to ipc done, channle id is 11, frameid is 140
INFO:root:YOLO pre and infer DONE!
INFO:root:decode channel and sent to ipc done, channle id is 12, frameid is 141
INFO:root:push data to YOLO postprocess SUCCESS, ret: 0
INFO:root:decode channel and sent to ipc done, channle id is 13, frameid is 142
DEBUG:root:channel_idx is 1 image_idx is 65,len(objs) is2
DEBUG:root:[0, 0, 160, 112]
INFO:root:YOLO postprocess DONE! objs:tuple[left, top, right, bottom, class_id, score] :(0, 0, 146, 111, 0, 0.7461027503013611)
DEBUG:root:channel_idx is 1 image_idx is 65,len(objs) is2
DEBUG:root:[992, 454, 240, 88]
INFO:root:YOLO postprocess DONE! objs:tuple[left, top, right, bottom, class_id, score] :(983, 453, 1210, 541, 0, 0.665496289730072)
INFO:root:decode channel and sent to ipc done, channle id is 14, frameid is 143
INFO:root:YOLO pre and infer DONE!
INFO:root:image 65 CROP DONE! 
DEBUG:root:channel_idx is 5 image_idx is 69,len(objs) is2
DEBUG:root:[0, 0, 160, 112]
INFO:root:YOLO postprocess DONE! objs:tuple[left, top, right, bottom, class_id, score] :(0, 0, 146, 111, 0, 0.7461027503013611)
DEBUG:root:channel_idx is 5 image_idx is 69,len(objs) is2
DEBUG:root:[992, 454, 240, 88]
INFO:root:YOLO postprocess DONE! objs:tuple[left, top, right, bottom, class_id, score] :(983, 453, 1210, 541, 0, 0.665496289730072)
INFO:root:push data to YOLO postprocess SUCCESS, ret: 0
DEBUG:root:channel_idx is 2 image_idx is 66,len(objs) is2
DEBUG:root:[0, 0, 160, 112]
INFO:root:YOLO postprocess DONE! objs:tuple[left, top, right, bottom, class_id, score] :(0, 0, 146, 111, 0, 0.7461027503013611)
DEBUG:root:channel_idx is 2 image_idx is 66,len(objs) is2
DEBUG:root:[992, 454, 240, 88]
INFO:root:YOLO postprocess DONE! objs:tuple[left, top, right, bottom, class_id, score] :(983, 453, 1210, 541, 0, 0.665496289730072)
INFO:root:image 69 CROP DONE! 
INFO:root:image 66 CROP DONE! 
DEBUG:root:channel_idx is 9 image_idx is 73,len(objs) is2
DEBUG:root:[0, 0, 160, 112]
DEBUG:root:channel_idx is 6 image_idx is 70,len(objs) is2
INFO:root:YOLO postprocess DONE! objs:tuple[left, top, right, bottom, class_id, score] :(0, 0, 146, 111, 0, 0.7461027503013611)
DEBUG:root:[0, 0, 160, 112]
DEBUG:root:channel_idx is 9 image_idx is 73,len(objs) is2
INFO:root:YOLO postprocess DONE! objs:tuple[left, top, right, bottom, class_id, score] :(0, 0, 146, 111, 0, 0.7461027503013611)
DEBUG:root:[992, 454, 240, 88]
DEBUG:root:channel_idx is 6 image_idx is 70,len(objs) is2
INFO:root:YOLO postprocess DONE! objs:tuple[left, top, right, bottom, class_id, score] :(983, 453, 1210, 541, 0, 0.665496289730072)
DEBUG:root:[992, 454, 240, 88]
INFO:root:YOLO postprocess DONE! objs:tuple[left, top, right, bottom, class_id, score] :(983, 453, 1210, 541, 0, 0.665496289730072)
INFO:root:image 73 CROP DONE! 
DEBUG:root:channel_idx is 13 image_idx is 77,len(objs) is2
INFO:root:image 70 CROP DONE! 
DEBUG:root:[0, 0, 160, 112]
INFO:root:YOLO postprocess DONE! objs:tuple[left, top, right, bottom, class_id, score] :(0, 0, 146, 111, 0, 0.7461027503013611)
DEBUG:root:channel_idx is 13 image_idx is 77,len(objs) is2
DEBUG:root:[992, 454, 240, 88]
DEBUG:root:channel_idx is 10 image_idx is 74,len(objs) is2
INFO:root:YOLO postprocess DONE! objs:tuple[left, top, right, bottom, class_id, score] :(983, 453, 1210, 541, 0, 0.665496289730072)
DEBUG:root:[0, 0, 160, 112]
INFO:root:YOLO postprocess DONE! objs:tuple[left, top, right, bottom, class_id, score] :(0, 0, 146, 111, 0, 0.7461027503013611)
DEBUG:root:channel_idx is 10 image_idx is 74,len(objs) is2
DEBUG:root:[992, 454, 240, 88]
INFO:root:YOLO postprocess DONE! objs:tuple[left, top, right, bottom, class_id, score] :(983, 453, 1210, 541, 0, 0.665496289730072)
INFO:root:image 77 CROP DONE! 
INFO:root:image 74 CROP DONE! 
INFO:root:YOLO post and crop DONE!,len res is 8:
DEBUG:root:YOLO process start
DEBUG:root:channel_idx is 14 image_idx is 78,len(objs) is2
DEBUG:root:[0, 0, 160, 112]
INFO:root:YOLO postprocess DONE! objs:tuple[left, top, right, bottom, class_id, score] :(0, 0, 146, 111, 0, 0.7461027503013611)
DEBUG:root:YOLO get bmimage from ipc
DEBUG:root:channel_idx is 14 image_idx is 78,len(objs) is2
DEBUG:root:[992, 454, 240, 88]
DEBUG:root:YOLO get bmimage from ipc
INFO:root:YOLO postprocess DONE! objs:tuple[left, top, right, bottom, class_id, score] :(983, 453, 1210, 541, 0, 0.665496289730072)
DEBUG:root:YOLO get bmimage from ipc
DEBUG:root:YOLO get bmimage from ipc
INFO:root:pushdata start, bmimg w is 1440, h is 1160 
INFO:root:pushdata start, bmimg w is 1440, h is 1160 
INFO:root:pushdata start, bmimg w is 1440, h is 1160 
INFO:root:pushdata start, bmimg w is 1440, h is 1160 
INFO:root:pushdata exit, time use: 0.00s
INFO:root:image 78 CROP DONE! 
INFO:root:YOLO post and crop DONE!,len res is 8:
DEBUG:root:YOLO process start
DEBUG:root:YOLO get bmimage from ipc
DEBUG:root:YOLO get bmimage from ipc
DEBUG:root:YOLO get bmimage from ipc
DEBUG:root:YOLO get bmimage from ipc
INFO:root:pushdata start, bmimg w is 1440, h is 1160 
INFO:root:pushdata start, bmimg w is 1440, h is 1160 
INFO:root:pushdata start, bmimg w is 1440, h is 1160 
INFO:root:pushdata start, bmimg w is 1440, h is 1160 
INFO:root:pushdata exit, time use: 0.00s
INFO:root:YOLO pre and infer DONE!
INFO:root:decode channel and sent to ipc done, channle id is 15, frameid is 144
INFO:root:decode channel and sent to ipc done, channle id is 0, frameid is 145
INFO:root:decode channel and sent to ipc done, channle id is 1, frameid is 146
INFO:root:push data to YOLO postprocess SUCCESS, ret: 0
INFO:root:decode channel and sent to ipc done, channle id is 2, frameid is 147
DEBUG:root:channel_idx is 0 image_idx is 80,len(objs) is2
DEBUG:root:[0, 0, 160, 112]
INFO:root:YOLO postprocess DONE! objs:tuple[left, top, right, bottom, class_id, score] :(0, 0, 146, 111, 0, 0.7461027503013611)
DEBUG:root:channel_idx is 0 image_idx is 80,len(objs) is2
DEBUG:root:[992, 454, 240, 88]
INFO:root:YOLO postprocess DONE! objs:tuple[left, top, right, bottom, class_id, score] :(983, 453, 1210, 541, 0, 0.665496289730072)
INFO:root:decode channel and sent to ipc done, channle id is 3, frameid is 148
INFO:root:decode channel and sent to ipc done, channle id is 4, frameid is 149
INFO:root:decode channel and sent to ipc done, channle id is 5, frameid is 150
INFO:root:decode channel and sent to ipc done, channle id is 6, frameid is 151
INFO:root:YOLO pre and infer DONE!
INFO:root:decode channel and sent to ipc done, channle id is 7, frameid is 152
INFO:root:push data to YOLO postprocess SUCCESS, ret: 0
DEBUG:root:channel_idx is 3 image_idx is 67,len(objs) is2
DEBUG:root:[0, 0, 160, 112]
INFO:root:YOLO postprocess DONE! objs:tuple[left, top, right, bottom, class_id, score] :(0, 0, 146, 111, 0, 0.7461027503013611)
DEBUG:root:channel_idx is 3 image_idx is 67,len(objs) is2
DEBUG:root:[992, 454, 240, 88]
INFO:root:decode channel and sent to ipc done, channle id is 8, frameid is 153
INFO:root:YOLO postprocess DONE! objs:tuple[left, top, right, bottom, class_id, score] :(983, 453, 1210, 541, 0, 0.665496289730072)
INFO:root:image 80 CROP DONE! 
DEBUG:root:channel_idx is 4 image_idx is 84,len(objs) is2
DEBUG:root:[0, 0, 160, 112]
INFO:root:YOLO postprocess DONE! objs:tuple[left, top, right, bottom, class_id, score] :(0, 0, 146, 111, 0, 0.7461027503013611)
DEBUG:root:channel_idx is 4 image_idx is 84,len(objs) is2
DEBUG:root:[992, 454, 240, 88]
INFO:root:YOLO postprocess DONE! objs:tuple[left, top, right, bottom, class_id, score] :(983, 453, 1210, 541, 0, 0.665496289730072)
INFO:root:decode channel and sent to ipc done, channle id is 9, frameid is 154
INFO:root:decode channel and sent to ipc done, channle id is 10, frameid is 155
INFO:root:decode channel and sent to ipc done, channle id is 11, frameid is 156
INFO:root:decode channel and sent to ipc done, channle id is 12, frameid is 157
INFO:root:decode channel and sent to ipc done, channle id is 13, frameid is 158
INFO:root:image 67 CROP DONE! 
INFO:root:image 84 CROP DONE! 
DEBUG:root:channel_idx is 7 image_idx is 71,len(objs) is2
DEBUG:root:[0, 0, 160, 112]
DEBUG:root:channel_idx is 8 image_idx is 88,len(objs) is2
INFO:root:YOLO postprocess DONE! objs:tuple[left, top, right, bottom, class_id, score] :(0, 0, 146, 111, 0, 0.7461027503013611)
DEBUG:root:[0, 0, 160, 112]
DEBUG:root:channel_idx is 7 image_idx is 71,len(objs) is2
INFO:root:YOLO postprocess DONE! objs:tuple[left, top, right, bottom, class_id, score] :(0, 0, 146, 111, 0, 0.7461027503013611)
DEBUG:root:[992, 454, 240, 88]
DEBUG:root:channel_idx is 8 image_idx is 88,len(objs) is2
INFO:root:YOLO postprocess DONE! objs:tuple[left, top, right, bottom, class_id, score] :(983, 453, 1210, 541, 0, 0.665496289730072)
DEBUG:root:[992, 454, 240, 88]
INFO:root:YOLO postprocess DONE! objs:tuple[left, top, right, bottom, class_id, score] :(983, 453, 1210, 541, 0, 0.665496289730072)
INFO:root:decode channel and sent to ipc done, channle id is 14, frameid is 159
INFO:root:image 71 CROP DONE! 
INFO:root:image 88 CROP DONE! 
DEBUG:root:channel_idx is 11 image_idx is 75,len(objs) is2
DEBUG:root:[0, 0, 160, 112]
DEBUG:root:channel_idx is 12 image_idx is 92,len(objs) is2
INFO:root:YOLO postprocess DONE! objs:tuple[left, top, right, bottom, class_id, score] :(0, 0, 146, 111, 0, 0.7461027503013611)
DEBUG:root:[0, 0, 160, 112]
DEBUG:root:channel_idx is 11 image_idx is 75,len(objs) is2
INFO:root:YOLO postprocess DONE! objs:tuple[left, top, right, bottom, class_id, score] :(0, 0, 146, 111, 0, 0.7461027503013611)
DEBUG:root:[992, 454, 240, 88]
DEBUG:root:channel_idx is 12 image_idx is 92,len(objs) is2
INFO:root:YOLO postprocess DONE! objs:tuple[left, top, right, bottom, class_id, score] :(983, 453, 1210, 541, 0, 0.665496289730072)
DEBUG:root:[992, 454, 240, 88]
INFO:root:YOLO postprocess DONE! objs:tuple[left, top, right, bottom, class_id, score] :(983, 453, 1210, 541, 0, 0.665496289730072)
INFO:root:image 75 CROP DONE! 
INFO:root:image 92 CROP DONE! 
DEBUG:root:channel_idx is 15 image_idx is 79,len(objs) is2
DEBUG:root:[0, 0, 160, 112]
INFO:root:YOLO postprocess DONE! objs:tuple[left, top, right, bottom, class_id, score] :(0, 0, 146, 111, 0, 0.7461027503013611)
INFO:root:YOLO post and crop DONE!,len res is 8:
DEBUG:root:channel_idx is 15 image_idx is 79,len(objs) is2
DEBUG:root:YOLO process start
DEBUG:root:[992, 454, 240, 88]
INFO:root:YOLO postprocess DONE! objs:tuple[left, top, right, bottom, class_id, score] :(983, 453, 1210, 541, 0, 0.665496289730072)
DEBUG:root:YOLO get bmimage from ipc
DEBUG:root:YOLO get bmimage from ipc
DEBUG:root:YOLO get bmimage from ipc
DEBUG:root:YOLO get bmimage from ipc
INFO:root:image 79 CROP DONE! 
INFO:root:pushdata start, bmimg w is 1440, h is 1160 
INFO:root:pushdata start, bmimg w is 1440, h is 1160 
INFO:root:pushdata start, bmimg w is 1440, h is 1160 
INFO:root:YOLO post and crop DONE!,len res is 8:
INFO:root:pushdata start, bmimg w is 1440, h is 1160 
DEBUG:root:YOLO process start
INFO:root:pushdata exit, time use: 0.00s
DEBUG:root:YOLO get bmimage from ipc
DEBUG:root:YOLO get bmimage from ipc
DEBUG:root:YOLO get bmimage from ipc
DEBUG:root:YOLO get bmimage from ipc
INFO:root:pushdata start, bmimg w is 1440, h is 1160 
INFO:root:pushdata start, bmimg w is 1440, h is 1160 
INFO:root:pushdata start, bmimg w is 1440, h is 1160 
INFO:root:pushdata start, bmimg w is 1440, h is 1160 
INFO:root:pushdata exit, time use: 0.00s
INFO:root:YOLO pre and infer DONE!
INFO:root:push data to YOLO postprocess SUCCESS, ret: 0
DEBUG:root:channel_idx is 1 image_idx is 81,len(objs) is2
DEBUG:root:[0, 0, 160, 112]
INFO:root:YOLO postprocess DONE! objs:tuple[left, top, right, bottom, class_id, score] :(0, 0, 146, 111, 0, 0.7461027503013611)
DEBUG:root:channel_idx is 1 image_idx is 81,len(objs) is2
DEBUG:root:[992, 454, 240, 88]
INFO:root:YOLO postprocess DONE! objs:tuple[left, top, right, bottom, class_id, score] :(983, 453, 1210, 541, 0, 0.665496289730072)
INFO:root:YOLO pre and infer DONE!
INFO:root:decode channel and sent to ipc done, channle id is 15, frameid is 160
INFO:root:decode done
INFO:root:image 81 CROP DONE! 
DEBUG:root:channel_idx is 5 image_idx is 85,len(objs) is2
DEBUG:root:[0, 0, 160, 112]
INFO:root:YOLO postprocess DONE! objs:tuple[left, top, right, bottom, class_id, score] :(0, 0, 146, 111, 0, 0.7461027503013611)
DEBUG:root:channel_idx is 5 image_idx is 85,len(objs) is2
DEBUG:root:[992, 454, 240, 88]
INFO:root:YOLO postprocess DONE! objs:tuple[left, top, right, bottom, class_id, score] :(983, 453, 1210, 541, 0, 0.665496289730072)
INFO:root:image 85 CROP DONE! 
DEBUG:root:channel_idx is 9 image_idx is 89,len(objs) is2
DEBUG:root:[0, 0, 160, 112]
INFO:root:YOLO postprocess DONE! objs:tuple[left, top, right, bottom, class_id, score] :(0, 0, 146, 111, 0, 0.7461027503013611)
DEBUG:root:channel_idx is 9 image_idx is 89,len(objs) is2
DEBUG:root:[992, 454, 240, 88]
INFO:root:YOLO postprocess DONE! objs:tuple[left, top, right, bottom, class_id, score] :(983, 453, 1210, 541, 0, 0.665496289730072)
INFO:root:image 89 CROP DONE! 
INFO:root:push data to YOLO postprocess SUCCESS, ret: 0
DEBUG:root:channel_idx is 13 image_idx is 93,len(objs) is2
DEBUG:root:[0, 0, 160, 112]
INFO:root:YOLO postprocess DONE! objs:tuple[left, top, right, bottom, class_id, score] :(0, 0, 146, 111, 0, 0.7461027503013611)
DEBUG:root:channel_idx is 13 image_idx is 93,len(objs) is2
DEBUG:root:channel_idx is 2 image_idx is 82,len(objs) is2
DEBUG:root:[992, 454, 240, 88]
INFO:root:YOLO postprocess DONE! objs:tuple[left, top, right, bottom, class_id, score] :(983, 453, 1210, 541, 0, 0.665496289730072)
DEBUG:root:[0, 0, 160, 112]
INFO:root:YOLO postprocess DONE! objs:tuple[left, top, right, bottom, class_id, score] :(0, 0, 146, 111, 0, 0.7461027503013611)
DEBUG:root:channel_idx is 2 image_idx is 82,len(objs) is2
DEBUG:root:[992, 454, 240, 88]
INFO:root:YOLO postprocess DONE! objs:tuple[left, top, right, bottom, class_id, score] :(983, 453, 1210, 541, 0, 0.665496289730072)
INFO:root:image 93 CROP DONE! 
INFO:root:image 82 CROP DONE! 
DEBUG:root:channel_idx is 6 image_idx is 86,len(objs) is2
INFO:root:YOLO post and crop DONE!,len res is 8:
DEBUG:root:[0, 0, 160, 112]
INFO:root:1705378783.2100616
INFO:root:YOLO postprocess DONE! objs:tuple[left, top, right, bottom, class_id, score] :(0, 0, 146, 111, 0, 0.7461027503013611)
DEBUG:root:channel_idx is 6 image_idx is 86,len(objs) is2
DEBUG:root:[992, 454, 240, 88]
INFO:root:YOLO postprocess DONE! objs:tuple[left, top, right, bottom, class_id, score] :(983, 453, 1210, 541, 0, 0.665496289730072)
INFO:root:image 86 CROP DONE! 
DEBUG:root:channel_idx is 10 image_idx is 90,len(objs) is2
DEBUG:root:[0, 0, 160, 112]
INFO:root:YOLO postprocess DONE! objs:tuple[left, top, right, bottom, class_id, score] :(0, 0, 146, 111, 0, 0.7461027503013611)
DEBUG:root:channel_idx is 10 image_idx is 90,len(objs) is2
DEBUG:root:[992, 454, 240, 88]
INFO:root:YOLO postprocess DONE! objs:tuple[left, top, right, bottom, class_id, score] :(983, 453, 1210, 541, 0, 0.665496289730072)
INFO:root:image 90 CROP DONE! 
DEBUG:root:channel_idx is 14 image_idx is 94,len(objs) is2
DEBUG:root:[0, 0, 160, 112]
INFO:root:YOLO postprocess DONE! objs:tuple[left, top, right, bottom, class_id, score] :(0, 0, 146, 111, 0, 0.7461027503013611)
DEBUG:root:channel_idx is 14 image_idx is 94,len(objs) is2
DEBUG:root:[992, 454, 240, 88]
INFO:root:YOLO postprocess DONE! objs:tuple[left, top, right, bottom, class_id, score] :(983, 453, 1210, 541, 0, 0.665496289730072)
INFO:root:image 94 CROP DONE! 
INFO:root:YOLO post and crop DONE!,len res is 8:
INFO:root:1705378783.2126482
INFO:root:YOLO pre and infer DONE!
INFO:root:push data to YOLO postprocess SUCCESS, ret: 0
DEBUG:root:channel_idx is 0 image_idx is 96,len(objs) is2
DEBUG:root:[0, 0, 160, 112]
INFO:root:YOLO postprocess DONE! objs:tuple[left, top, right, bottom, class_id, score] :(0, 0, 146, 111, 0, 0.7461027503013611)
DEBUG:root:channel_idx is 0 image_idx is 96,len(objs) is2
DEBUG:root:[992, 454, 240, 88]
INFO:root:YOLO postprocess DONE! objs:tuple[left, top, right, bottom, class_id, score] :(983, 453, 1210, 541, 0, 0.665496289730072)
INFO:root:image 96 CROP DONE! 
DEBUG:root:channel_idx is 4 image_idx is 100,len(objs) is2
DEBUG:root:[0, 0, 160, 112]
INFO:root:YOLO postprocess DONE! objs:tuple[left, top, right, bottom, class_id, score] :(0, 0, 146, 111, 0, 0.7461027503013611)
DEBUG:root:channel_idx is 4 image_idx is 100,len(objs) is2
DEBUG:root:[992, 454, 240, 88]
INFO:root:YOLO postprocess DONE! objs:tuple[left, top, right, bottom, class_id, score] :(983, 453, 1210, 541, 0, 0.665496289730072)
INFO:root:image 100 CROP DONE! 
DEBUG:root:channel_idx is 8 image_idx is 104,len(objs) is2
DEBUG:root:[0, 0, 160, 112]
INFO:root:YOLO postprocess DONE! objs:tuple[left, top, right, bottom, class_id, score] :(0, 0, 146, 111, 0, 0.7461027503013611)
DEBUG:root:channel_idx is 8 image_idx is 104,len(objs) is2
DEBUG:root:[992, 454, 240, 88]
INFO:root:YOLO postprocess DONE! objs:tuple[left, top, right, bottom, class_id, score] :(983, 453, 1210, 541, 0, 0.665496289730072)
INFO:root:image 104 CROP DONE! 
DEBUG:root:channel_idx is 12 image_idx is 108,len(objs) is2
DEBUG:root:[0, 0, 160, 112]
INFO:root:YOLO postprocess DONE! objs:tuple[left, top, right, bottom, class_id, score] :(0, 0, 146, 111, 0, 0.7461027503013611)
DEBUG:root:channel_idx is 12 image_idx is 108,len(objs) is2
DEBUG:root:[992, 454, 240, 88]
INFO:root:YOLO postprocess DONE! objs:tuple[left, top, right, bottom, class_id, score] :(983, 453, 1210, 541, 0, 0.665496289730072)
INFO:root:YOLO pre and infer DONE!
INFO:root:image 108 CROP DONE! 
INFO:root:YOLO post and crop DONE!,len res is 8:
INFO:root:1705378783.2259405
INFO:root:push data to YOLO postprocess SUCCESS, ret: 0
DEBUG:root:channel_idx is 3 image_idx is 83,len(objs) is2
DEBUG:root:[0, 0, 160, 112]
INFO:root:YOLO postprocess DONE! objs:tuple[left, top, right, bottom, class_id, score] :(0, 0, 146, 111, 0, 0.7461027503013611)
DEBUG:root:channel_idx is 3 image_idx is 83,len(objs) is2
DEBUG:root:[992, 454, 240, 88]
INFO:root:YOLO postprocess DONE! objs:tuple[left, top, right, bottom, class_id, score] :(983, 453, 1210, 541, 0, 0.665496289730072)
INFO:root:image 83 CROP DONE! 
DEBUG:root:channel_idx is 7 image_idx is 87,len(objs) is2
DEBUG:root:[0, 0, 160, 112]
INFO:root:YOLO postprocess DONE! objs:tuple[left, top, right, bottom, class_id, score] :(0, 0, 146, 111, 0, 0.7461027503013611)
DEBUG:root:channel_idx is 7 image_idx is 87,len(objs) is2
DEBUG:root:[992, 454, 240, 88]
INFO:root:YOLO postprocess DONE! objs:tuple[left, top, right, bottom, class_id, score] :(983, 453, 1210, 541, 0, 0.665496289730072)
INFO:root:image 87 CROP DONE! 
DEBUG:root:channel_idx is 11 image_idx is 91,len(objs) is2
DEBUG:root:[0, 0, 160, 112]
INFO:root:YOLO postprocess DONE! objs:tuple[left, top, right, bottom, class_id, score] :(0, 0, 146, 111, 0, 0.7461027503013611)
DEBUG:root:channel_idx is 11 image_idx is 91,len(objs) is2
DEBUG:root:[992, 454, 240, 88]
INFO:root:YOLO postprocess DONE! objs:tuple[left, top, right, bottom, class_id, score] :(983, 453, 1210, 541, 0, 0.665496289730072)
INFO:root:image 91 CROP DONE! 
DEBUG:root:channel_idx is 15 image_idx is 95,len(objs) is2
DEBUG:root:[0, 0, 160, 112]
INFO:root:YOLO postprocess DONE! objs:tuple[left, top, right, bottom, class_id, score] :(0, 0, 146, 111, 0, 0.7461027503013611)
DEBUG:root:channel_idx is 15 image_idx is 95,len(objs) is2
DEBUG:root:[992, 454, 240, 88]
INFO:root:YOLO postprocess DONE! objs:tuple[left, top, right, bottom, class_id, score] :(983, 453, 1210, 541, 0, 0.665496289730072)
INFO:root:image 95 CROP DONE! 
INFO:root:YOLO post and crop DONE!,len res is 8:
INFO:root:1705378783.2338135
